{"/home/travis/build/npmtest/node-npmtest-vivus/test.js":{"path":"/home/travis/build/npmtest/node-npmtest-vivus/test.js","s":{"1":2,"2":2,"3":2,"4":2,"5":2,"6":2,"7":2,"8":1,"9":2,"10":2,"11":1,"12":1,"13":1,"14":1,"15":2,"16":2,"17":2,"18":2,"19":1,"20":1,"21":2,"22":2,"23":2,"24":1,"25":1,"26":1,"27":1,"28":1,"29":1,"30":1,"31":1,"32":1,"33":1,"34":1,"35":1,"36":1,"37":1,"38":1,"39":2,"40":2,"41":1,"42":2,"43":2,"44":1,"45":2,"46":2,"47":1,"48":2,"49":2,"50":1,"51":1,"52":1,"53":1,"54":1},"b":{"1":[2,1,1,1],"2":[1,1,1,1],"3":[1,1],"4":[1,1],"5":[1,1],"6":[1,1],"7":[1,1],"8":[1,1],"9":[1,1],"10":[1,1,1],"11":[1,1],"12":[1,1],"13":[1,1],"14":[1,1],"15":[1,1],"16":[1,1],"17":[1,1]},"f":{"1":2,"2":2,"3":2,"4":2,"5":2,"6":1,"7":1,"8":1,"9":2,"10":2,"11":2,"12":2,"13":1},"fnMap":{"1":{"name":"(anonymous_1)","line":12,"loc":{"start":{"line":12,"column":1},"end":{"line":12,"column":13}}},"2":{"name":"(anonymous_2)","line":19,"loc":{"start":{"line":19,"column":5},"end":{"line":19,"column":17}}},"3":{"name":"(anonymous_3)","line":23,"loc":{"start":{"line":23,"column":24},"end":{"line":23,"column":36}}},"4":{"name":"(anonymous_4)","line":61,"loc":{"start":{"line":61,"column":5},"end":{"line":61,"column":17}}},"5":{"name":"(anonymous_5)","line":82,"loc":{"start":{"line":82,"column":5},"end":{"line":82,"column":17}}},"6":{"name":"(anonymous_6)","line":91,"loc":{"start":{"line":91,"column":77},"end":{"line":94,"column":10}}},"7":{"name":"(anonymous_7)","line":112,"loc":{"start":{"line":112,"column":83},"end":{"line":115,"column":10}},"skip":true},"8":{"name":"(anonymous_8)","line":123,"loc":{"start":{"line":123,"column":77},"end":{"line":126,"column":10}},"skip":true},"9":{"name":"(anonymous_9)","line":139,"loc":{"start":{"line":139,"column":12},"end":{"line":139,"column":40}},"skip":true},"10":{"name":"(anonymous_10)","line":147,"loc":{"start":{"line":147,"column":77},"end":{"line":150,"column":10}},"skip":true},"11":{"name":"(anonymous_11)","line":158,"loc":{"start":{"line":158,"column":83},"end":{"line":161,"column":10}},"skip":true},"12":{"name":"(anonymous_12)","line":169,"loc":{"start":{"line":169,"column":79},"end":{"line":172,"column":10}},"skip":true},"13":{"name":"(anonymous_13)","line":180,"loc":{"start":{"line":180,"column":75},"end":{"line":183,"column":10}},"skip":true}},"statementMap":{"1":{"start":{"line":12,"column":0},"end":{"line":195,"column":5}},"2":{"start":{"line":14,"column":4},"end":{"line":14,"column":14}},"3":{"start":{"line":19,"column":4},"end":{"line":56,"column":9}},"4":{"start":{"line":21,"column":8},"end":{"line":21,"column":19}},"5":{"start":{"line":23,"column":8},"end":{"line":35,"column":13}},"6":{"start":{"line":24,"column":12},"end":{"line":34,"column":13}},"7":{"start":{"line":25,"column":16},"end":{"line":28,"column":30}},"8":{"start":{"line":30,"column":16},"end":{"line":33,"column":27}},"9":{"start":{"line":37,"column":8},"end":{"line":39,"column":21}},"10":{"start":{"line":40,"column":8},"end":{"line":53,"column":9}},"11":{"start":{"line":43,"column":12},"end":{"line":46,"column":14}},"12":{"start":{"line":47,"column":12},"end":{"line":47,"column":18}},"13":{"start":{"line":50,"column":12},"end":{"line":51,"column":33}},"14":{"start":{"line":52,"column":12},"end":{"line":52,"column":18}},"15":{"start":{"line":55,"column":8},"end":{"line":55,"column":35}},"16":{"start":{"line":61,"column":4},"end":{"line":63,"column":9}},"17":{"start":{"line":62,"column":8},"end":{"line":62,"column":15}},"18":{"start":{"line":64,"column":4},"end":{"line":77,"column":5}},"19":{"start":{"line":70,"column":8},"end":{"line":70,"column":14}},"20":{"start":{"line":76,"column":8},"end":{"line":76,"column":14}},"21":{"start":{"line":82,"column":4},"end":{"line":84,"column":9}},"22":{"start":{"line":83,"column":8},"end":{"line":83,"column":15}},"23":{"start":{"line":85,"column":4},"end":{"line":194,"column":5}},"24":{"start":{"line":91,"column":8},"end":{"line":99,"column":10}},"25":{"start":{"line":98,"column":12},"end":{"line":98,"column":35}},"26":{"start":{"line":102,"column":8},"end":{"line":104,"column":63}},"27":{"start":{"line":105,"column":8},"end":{"line":105,"column":14}},"28":{"start":{"line":112,"column":8},"end":{"line":121,"column":10},"skip":true},"29":{"start":{"line":119,"column":12},"end":{"line":119,"column":55},"skip":true},"30":{"start":{"line":120,"column":12},"end":{"line":120,"column":48},"skip":true},"31":{"start":{"line":123,"column":8},"end":{"line":136,"column":10},"skip":true},"32":{"start":{"line":130,"column":12},"end":{"line":130,"column":76},"skip":true},"33":{"start":{"line":131,"column":12},"end":{"line":131,"column":73},"skip":true},"34":{"start":{"line":132,"column":12},"end":{"line":132,"column":74},"skip":true},"35":{"start":{"line":133,"column":12},"end":{"line":133,"column":79},"skip":true},"36":{"start":{"line":134,"column":12},"end":{"line":134,"column":25},"skip":true},"37":{"start":{"line":135,"column":12},"end":{"line":135,"column":45},"skip":true},"38":{"start":{"line":138,"column":8},"end":{"line":145,"column":14},"skip":true},"39":{"start":{"line":143,"column":16},"end":{"line":143,"column":29},"skip":true},"40":{"start":{"line":144,"column":16},"end":{"line":144,"column":55},"skip":true},"41":{"start":{"line":147,"column":8},"end":{"line":156,"column":10},"skip":true},"42":{"start":{"line":154,"column":12},"end":{"line":154,"column":25},"skip":true},"43":{"start":{"line":155,"column":12},"end":{"line":155,"column":45},"skip":true},"44":{"start":{"line":158,"column":8},"end":{"line":167,"column":10},"skip":true},"45":{"start":{"line":165,"column":12},"end":{"line":165,"column":25},"skip":true},"46":{"start":{"line":166,"column":12},"end":{"line":166,"column":48},"skip":true},"47":{"start":{"line":169,"column":8},"end":{"line":178,"column":10},"skip":true},"48":{"start":{"line":176,"column":12},"end":{"line":176,"column":25},"skip":true},"49":{"start":{"line":177,"column":12},"end":{"line":177,"column":46},"skip":true},"50":{"start":{"line":180,"column":8},"end":{"line":189,"column":10},"skip":true},"51":{"start":{"line":187,"column":12},"end":{"line":187,"column":94},"skip":true},"52":{"start":{"line":188,"column":12},"end":{"line":188,"column":48},"skip":true},"53":{"start":{"line":192,"column":8},"end":{"line":192,"column":35},"skip":true},"54":{"start":{"line":193,"column":8},"end":{"line":193,"column":14},"skip":true}},"branchMap":{"1":{"line":25,"type":"binary-expr","locations":[{"start":{"line":25,"column":23},"end":{"line":25,"column":62}},{"start":{"line":26,"column":20},"end":{"line":26,"column":70}},{"start":{"line":27,"column":20},"end":{"line":27,"column":71}},{"start":{"line":28,"column":20},"end":{"line":28,"column":29}}]},"2":{"line":30,"type":"binary-expr","locations":[{"start":{"line":30,"column":23},"end":{"line":30,"column":37}},{"start":{"line":31,"column":20},"end":{"line":31,"column":61}},{"start":{"line":32,"column":20},"end":{"line":32,"column":70}},{"start":{"line":33,"column":20},"end":{"line":33,"column":26}}]},"3":{"line":37,"type":"cond-expr","locations":[{"start":{"line":38,"column":14},"end":{"line":38,"column":20}},{"start":{"line":39,"column":14},"end":{"line":39,"column":20}}]},"4":{"line":40,"type":"switch","locations":[{"start":{"line":42,"column":8},"end":{"line":47,"column":18}},{"start":{"line":49,"column":8},"end":{"line":52,"column":18}}]},"5":{"line":44,"type":"binary-expr","locations":[{"start":{"line":44,"column":16},"end":{"line":44,"column":44}},{"start":{"line":44,"column":48},"end":{"line":44,"column":66}}]},"6":{"line":50,"type":"binary-expr","locations":[{"start":{"line":50,"column":21},"end":{"line":50,"column":49}},{"start":{"line":50,"column":53},"end":{"line":50,"column":72}}]},"7":{"line":64,"type":"switch","locations":[{"start":{"line":69,"column":4},"end":{"line":70,"column":14}},{"start":{"line":75,"column":4},"end":{"line":76,"column":14}}]},"8":{"line":85,"type":"switch","locations":[{"start":{"line":90,"column":4},"end":{"line":105,"column":14}},{"start":{"line":111,"column":4},"end":{"line":193,"column":14},"skip":true}]},"9":{"line":91,"type":"binary-expr","locations":[{"start":{"line":91,"column":42},"end":{"line":91,"column":73}},{"start":{"line":91,"column":77},"end":{"line":99,"column":9}}]},"10":{"line":102,"type":"binary-expr","locations":[{"start":{"line":102,"column":18},"end":{"line":102,"column":32}},{"start":{"line":103,"column":12},"end":{"line":103,"column":53}},{"start":{"line":104,"column":12},"end":{"line":104,"column":61}}]},"11":{"line":112,"type":"binary-expr","locations":[{"start":{"line":112,"column":45},"end":{"line":112,"column":79},"skip":true},{"start":{"line":112,"column":83},"end":{"line":121,"column":9},"skip":true}]},"12":{"line":123,"type":"binary-expr","locations":[{"start":{"line":123,"column":42},"end":{"line":123,"column":73},"skip":true},{"start":{"line":123,"column":77},"end":{"line":136,"column":9},"skip":true}]},"13":{"line":138,"type":"binary-expr","locations":[{"start":{"line":138,"column":48},"end":{"line":138,"column":85},"skip":true},{"start":{"line":139,"column":12},"end":{"line":145,"column":13},"skip":true}]},"14":{"line":147,"type":"binary-expr","locations":[{"start":{"line":147,"column":42},"end":{"line":147,"column":73},"skip":true},{"start":{"line":147,"column":77},"end":{"line":156,"column":9},"skip":true}]},"15":{"line":158,"type":"binary-expr","locations":[{"start":{"line":158,"column":45},"end":{"line":158,"column":79},"skip":true},{"start":{"line":158,"column":83},"end":{"line":167,"column":9},"skip":true}]},"16":{"line":169,"type":"binary-expr","locations":[{"start":{"line":169,"column":43},"end":{"line":169,"column":75},"skip":true},{"start":{"line":169,"column":79},"end":{"line":178,"column":9},"skip":true}]},"17":{"line":180,"type":"binary-expr","locations":[{"start":{"line":180,"column":41},"end":{"line":180,"column":71},"skip":true},{"start":{"line":180,"column":75},"end":{"line":189,"column":9},"skip":true}]}},"code":["/* istanbul instrument in package npmtest_vivus */","/*jslint","    bitwise: true,","    browser: true,","    maxerr: 8,","    maxlen: 96,","    node: true,","    nomen: true,","    regexp: true,","    stupid: true","*/","(function () {","    'use strict';","    var local;","","","","    // run shared js-env code - pre-init","    (function () {","        // init local","        local = {};","        // init modeJs","        local.modeJs = (function () {","            try {","                return typeof navigator.userAgent === 'string' &&","                    typeof document.querySelector('body') === 'object' &&","                    typeof XMLHttpRequest.prototype.open === 'function' &&","                    'browser';","            } catch (errorCaughtBrowser) {","                return module.exports &&","                    typeof process.versions.node === 'string' &&","                    typeof require('http').createServer === 'function' &&","                    'node';","            }","        }());","        // init global","        local.global = local.modeJs === 'browser'","            ? window","            : global;","        switch (local.modeJs) {","        // re-init local from window.local","        case 'browser':","            local = local.global.utility2.objectSetDefault(","                local.global.utility2_rollup || local.global.local,","                local.global.utility2","            );","            break;","        // re-init local from example.js","        case 'node':","            local = (local.global.utility2_rollup || require('utility2'))","                .requireReadme();","            break;","        }","        // export local","        local.global.local = local;","    }());","","","","    // run shared js-env code - function","    (function () {","        return;","    }());","    switch (local.modeJs) {","","","","    // run browser js-env code - function","    case 'browser':","        break;","","","","    // run node js-env code - function","    case 'node':","        break;","    }","","","","    // run shared js-env code - post-init","    (function () {","        return;","    }());","    switch (local.modeJs) {","","","","    // run browser js-env code - post-init","    case 'browser':","        local.testCase_browser_nullCase = local.testCase_browser_nullCase || function (","            options,","            onError","        ) {","        /*","         * this function will test browsers's null-case handling-behavior-behavior","         */","            onError(null, options);","        };","","        // run tests","        local.nop(local.modeTest &&","            document.querySelector('#testRunButton1') &&","            document.querySelector('#testRunButton1').click());","        break;","","","","    // run node js-env code - post-init","    /* istanbul ignore next */","    case 'node':","        local.testCase_buildApidoc_default = local.testCase_buildApidoc_default || function (","            options,","            onError","        ) {","        /*","         * this function will test buildApidoc's default handling-behavior-behavior","         */","            options = { modulePathList: module.paths };","            local.buildApidoc(options, onError);","        };","","        local.testCase_buildApp_default = local.testCase_buildApp_default || function (","            options,","            onError","        ) {","        /*","         * this function will test buildApp's default handling-behavior-behavior","         */","            local.testCase_buildReadme_default(options, local.onErrorThrow);","            local.testCase_buildLib_default(options, local.onErrorThrow);","            local.testCase_buildTest_default(options, local.onErrorThrow);","            local.testCase_buildCustomOrg_default(options, local.onErrorThrow);","            options = [];","            local.buildApp(options, onError);","        };","","        local.testCase_buildCustomOrg_default = local.testCase_buildCustomOrg_default ||","            function (options, onError) {","            /*","             * this function will test buildCustomOrg's default handling-behavior","             */","                options = {};","                local.buildCustomOrg(options, onError);","            };","","        local.testCase_buildLib_default = local.testCase_buildLib_default || function (","            options,","            onError","        ) {","        /*","         * this function will test buildLib's default handling-behavior","         */","            options = {};","            local.buildLib(options, onError);","        };","","        local.testCase_buildReadme_default = local.testCase_buildReadme_default || function (","            options,","            onError","        ) {","        /*","         * this function will test buildReadme's default handling-behavior-behavior","         */","            options = {};","            local.buildReadme(options, onError);","        };","","        local.testCase_buildTest_default = local.testCase_buildTest_default || function (","            options,","            onError","        ) {","        /*","         * this function will test buildTest's default handling-behavior","         */","            options = {};","            local.buildTest(options, onError);","        };","","        local.testCase_webpage_default = local.testCase_webpage_default || function (","            options,","            onError","        ) {","        /*","         * this function will test webpage's default handling-behavior","         */","            options = { modeCoverageMerge: true, url: local.serverLocalHost + '?modeTest=1' };","            local.browserTest(options, onError);","        };","","        // run test-server","        local.testRunServer(local);","        break;","    }","}());",""],"l":{"12":2,"14":2,"19":2,"21":2,"23":2,"24":2,"25":2,"30":1,"37":2,"40":2,"43":1,"47":1,"50":1,"52":1,"55":2,"61":2,"62":2,"64":2,"70":1,"76":1,"82":2,"83":2,"85":2,"91":1,"98":1,"102":1,"105":1,"112":1,"119":1,"120":1,"123":1,"130":1,"131":1,"132":1,"133":1,"134":1,"135":1,"138":1,"143":2,"144":2,"147":1,"154":2,"155":2,"158":1,"165":2,"166":2,"169":1,"176":2,"177":2,"180":1,"187":1,"188":1,"192":1,"193":1}},"/home/travis/build/npmtest/node-npmtest-vivus/lib.npmtest_vivus.js":{"path":"/home/travis/build/npmtest/node-npmtest-vivus/lib.npmtest_vivus.js","s":{"1":2,"2":2,"3":2,"4":2,"5":2,"6":2,"7":2,"8":1,"9":2,"10":2,"11":2,"12":2,"13":1,"14":1,"15":1,"16":1},"b":{"1":[2,1,1,1],"2":[1,1,1,1],"3":[1,1],"4":[2,2],"5":[1,1]},"f":{"1":2,"2":2,"3":2},"fnMap":{"1":{"name":"(anonymous_1)","line":12,"loc":{"start":{"line":12,"column":1},"end":{"line":12,"column":13}}},"2":{"name":"(anonymous_2)","line":19,"loc":{"start":{"line":19,"column":5},"end":{"line":19,"column":17}}},"3":{"name":"(anonymous_3)","line":23,"loc":{"start":{"line":23,"column":24},"end":{"line":23,"column":36}}}},"statementMap":{"1":{"start":{"line":12,"column":0},"end":{"line":53,"column":5}},"2":{"start":{"line":14,"column":4},"end":{"line":14,"column":14}},"3":{"start":{"line":19,"column":4},"end":{"line":52,"column":9}},"4":{"start":{"line":21,"column":8},"end":{"line":21,"column":19}},"5":{"start":{"line":23,"column":8},"end":{"line":35,"column":13}},"6":{"start":{"line":24,"column":12},"end":{"line":34,"column":13}},"7":{"start":{"line":25,"column":16},"end":{"line":28,"column":30}},"8":{"start":{"line":30,"column":16},"end":{"line":33,"column":27}},"9":{"start":{"line":37,"column":8},"end":{"line":39,"column":21}},"10":{"start":{"line":41,"column":8},"end":{"line":41,"column":54}},"11":{"start":{"line":43,"column":8},"end":{"line":43,"column":50}},"12":{"start":{"line":45,"column":8},"end":{"line":51,"column":9}},"13":{"start":{"line":46,"column":12},"end":{"line":46,"column":56}},"14":{"start":{"line":48,"column":12},"end":{"line":48,"column":35}},"15":{"start":{"line":49,"column":12},"end":{"line":49,"column":49}},"16":{"start":{"line":50,"column":12},"end":{"line":50,"column":43}}},"branchMap":{"1":{"line":25,"type":"binary-expr","locations":[{"start":{"line":25,"column":23},"end":{"line":25,"column":62}},{"start":{"line":26,"column":20},"end":{"line":26,"column":70}},{"start":{"line":27,"column":20},"end":{"line":27,"column":71}},{"start":{"line":28,"column":20},"end":{"line":28,"column":29}}]},"2":{"line":30,"type":"binary-expr","locations":[{"start":{"line":30,"column":23},"end":{"line":30,"column":37}},{"start":{"line":31,"column":20},"end":{"line":31,"column":61}},{"start":{"line":32,"column":20},"end":{"line":32,"column":70}},{"start":{"line":33,"column":20},"end":{"line":33,"column":26}}]},"3":{"line":37,"type":"cond-expr","locations":[{"start":{"line":38,"column":14},"end":{"line":38,"column":20}},{"start":{"line":39,"column":14},"end":{"line":39,"column":20}}]},"4":{"line":41,"type":"binary-expr","locations":[{"start":{"line":41,"column":16},"end":{"line":41,"column":44}},{"start":{"line":41,"column":48},"end":{"line":41,"column":53}}]},"5":{"line":45,"type":"if","locations":[{"start":{"line":45,"column":8},"end":{"line":45,"column":8}},{"start":{"line":45,"column":8},"end":{"line":45,"column":8}}]}},"code":["/* istanbul instrument in package npmtest_vivus */","/*jslint","    bitwise: true,","    browser: true,","    maxerr: 8,","    maxlen: 96,","    node: true,","    nomen: true,","    regexp: true,","    stupid: true","*/","(function () {","    'use strict';","    var local;","","","","    // run shared js-env code - pre-init","    (function () {","        // init local","        local = {};","        // init modeJs","        local.modeJs = (function () {","            try {","                return typeof navigator.userAgent === 'string' &&","                    typeof document.querySelector('body') === 'object' &&","                    typeof XMLHttpRequest.prototype.open === 'function' &&","                    'browser';","            } catch (errorCaughtBrowser) {","                return module.exports &&","                    typeof process.versions.node === 'string' &&","                    typeof require('http').createServer === 'function' &&","                    'node';","            }","        }());","        // init global","        local.global = local.modeJs === 'browser'","            ? window","            : global;","        // init utility2_rollup","        local = local.global.utility2_rollup || local;","        // init lib","        local.local = local.npmtest_vivus = local;","        // init exports","        if (local.modeJs === 'browser') {","            local.global.utility2_npmtest_vivus = local;","        } else {","            module.exports = local;","            module.exports.__dirname = __dirname;","            module.exports.module = module;","        }","    }());","}());",""],"l":{"12":2,"14":2,"19":2,"21":2,"23":2,"24":2,"25":2,"30":1,"37":2,"41":2,"43":2,"45":2,"46":1,"48":1,"49":1,"50":1}},"/home/travis/build/npmtest/node-npmtest-vivus/example.js":{"path":"/home/travis/build/npmtest/node-npmtest-vivus/example.js","s":{"1":2,"2":2,"3":2,"4":2,"5":2,"6":2,"7":2,"8":1,"9":2,"10":2,"11":2,"12":2,"13":1,"14":2,"15":2,"16":2,"17":2,"18":2,"19":0,"20":2,"21":1,"22":1,"23":1,"24":1,"25":1,"26":0,"27":0,"28":1,"29":1,"30":2,"31":0,"32":0,"33":0,"34":1,"35":2,"36":2,"37":3,"38":3,"39":3,"40":3,"41":0,"42":3,"43":3,"44":3,"45":1,"46":3,"47":1,"48":1,"49":1,"50":1,"51":1,"52":1,"53":1,"54":1,"55":1,"56":1,"57":0,"58":1,"59":6,"60":6,"61":1,"62":2,"63":0,"64":2,"65":1,"66":1,"67":0,"68":0,"69":0,"70":0,"71":0,"72":0,"73":0,"74":0,"75":0,"76":0,"77":0,"78":0,"79":0,"80":0,"81":0,"82":0,"83":0},"b":{"1":[2,1,1,1],"2":[1,1,1,1],"3":[1,1],"4":[2,2],"5":[1,1],"6":[1,1],"7":[2,0],"8":[2,1,1,1,1,1],"9":[0,2,0],"10":[1,1],"11":[2,1,1],"12":[1,0],"13":[0,2],"14":[2,0,0,0,0,0,0],"15":[0,3],"16":[3,0],"17":[1,1],"18":[0,1],"19":[1,2,0,2],"20":[1,0],"21":[1,1],"22":[0,0],"23":[0,0],"24":[0,0],"25":[0,0],"26":[0,0],"27":[0,0],"28":[0,0]},"f":{"1":2,"2":2,"3":2,"4":2,"5":2,"6":2,"7":3,"8":3,"9":3,"10":1,"11":6,"12":0},"fnMap":{"1":{"name":"(anonymous_1)","line":26,"loc":{"start":{"line":26,"column":1},"end":{"line":26,"column":13}}},"2":{"name":"(anonymous_2)","line":33,"loc":{"start":{"line":33,"column":5},"end":{"line":33,"column":17}}},"3":{"name":"(anonymous_3)","line":37,"loc":{"start":{"line":37,"column":24},"end":{"line":37,"column":36}}},"4":{"name":"(anonymous_4)","line":69,"loc":{"start":{"line":69,"column":31},"end":{"line":69,"column":48}},"skip":true},"5":{"name":"(anonymous_5)","line":78,"loc":{"start":{"line":78,"column":26},"end":{"line":78,"column":45}},"skip":true},"6":{"name":"(anonymous_6)","line":123,"loc":{"start":{"line":123,"column":33},"end":{"line":123,"column":48}},"skip":true},"7":{"name":"(anonymous_7)","line":125,"loc":{"start":{"line":125,"column":27},"end":{"line":125,"column":39}},"skip":true},"8":{"name":"(anonymous_8)","line":133,"loc":{"start":{"line":133,"column":59},"end":{"line":133,"column":74}},"skip":true},"9":{"name":"(anonymous_9)","line":143,"loc":{"start":{"line":143,"column":45},"end":{"line":143,"column":62}},"skip":true},"10":{"name":"(anonymous_10)","line":144,"loc":{"start":{"line":144,"column":73},"end":{"line":144,"column":92}},"skip":true},"11":{"name":"(anonymous_11)","line":272,"loc":{"start":{"line":272,"column":51},"end":{"line":272,"column":77}},"skip":true},"12":{"name":"(anonymous_12)","line":315,"loc":{"start":{"line":315,"column":32},"end":{"line":315,"column":61}},"skip":true}},"statementMap":{"1":{"start":{"line":26,"column":0},"end":{"line":326,"column":5}},"2":{"start":{"line":28,"column":4},"end":{"line":28,"column":14}},"3":{"start":{"line":33,"column":4},"end":{"line":60,"column":9}},"4":{"start":{"line":35,"column":8},"end":{"line":35,"column":19}},"5":{"start":{"line":37,"column":8},"end":{"line":49,"column":13}},"6":{"start":{"line":38,"column":12},"end":{"line":48,"column":13}},"7":{"start":{"line":39,"column":16},"end":{"line":42,"column":30}},"8":{"start":{"line":44,"column":16},"end":{"line":47,"column":27}},"9":{"start":{"line":51,"column":8},"end":{"line":53,"column":21}},"10":{"start":{"line":55,"column":8},"end":{"line":57,"column":45}},"11":{"start":{"line":59,"column":8},"end":{"line":59,"column":35}},"12":{"start":{"line":61,"column":4},"end":{"line":325,"column":5}},"13":{"start":{"line":69,"column":8},"end":{"line":121,"column":10},"skip":true},"14":{"start":{"line":70,"column":12},"end":{"line":88,"column":13},"skip":true},"15":{"start":{"line":76,"column":16},"end":{"line":87,"column":19},"skip":true},"16":{"start":{"line":79,"column":20},"end":{"line":86,"column":21},"skip":true},"17":{"start":{"line":82,"column":24},"end":{"line":82,"column":43},"skip":true},"18":{"start":{"line":83,"column":24},"end":{"line":83,"column":30},"skip":true},"19":{"start":{"line":85,"column":24},"end":{"line":85,"column":49},"skip":true},"20":{"start":{"line":89,"column":12},"end":{"line":107,"column":13},"skip":true},"21":{"start":{"line":92,"column":16},"end":{"line":102,"column":17},"skip":true},"22":{"start":{"line":93,"column":20},"end":{"line":93,"column":86},"skip":true},"23":{"start":{"line":94,"column":20},"end":{"line":95,"column":45},"skip":true},"24":{"start":{"line":96,"column":20},"end":{"line":96,"column":42},"skip":true},"25":{"start":{"line":97,"column":20},"end":{"line":97,"column":48},"skip":true},"26":{"start":{"line":100,"column":20},"end":{"line":100,"column":85},"skip":true},"27":{"start":{"line":101,"column":20},"end":{"line":101,"column":96},"skip":true},"28":{"start":{"line":103,"column":16},"end":{"line":103,"column":22},"skip":true},"29":{"start":{"line":106,"column":16},"end":{"line":106,"column":22},"skip":true},"30":{"start":{"line":108,"column":12},"end":{"line":120,"column":13},"skip":true},"31":{"start":{"line":114,"column":16},"end":{"line":119,"column":17},"skip":true},"32":{"start":{"line":116,"column":20},"end":{"line":116,"column":78},"skip":true},"33":{"start":{"line":118,"column":20},"end":{"line":118,"column":47},"skip":true},"34":{"start":{"line":123,"column":8},"end":{"line":141,"column":11},"skip":true},"35":{"start":{"line":124,"column":12},"end":{"line":124,"column":54},"skip":true},"36":{"start":{"line":125,"column":12},"end":{"line":140,"column":14},"skip":true},"37":{"start":{"line":126,"column":16},"end":{"line":126,"column":28},"skip":true},"38":{"start":{"line":127,"column":16},"end":{"line":127,"column":69},"skip":true},"39":{"start":{"line":128,"column":16},"end":{"line":128,"column":75},"skip":true},"40":{"start":{"line":129,"column":16},"end":{"line":131,"column":17},"skip":true},"41":{"start":{"line":130,"column":20},"end":{"line":130,"column":27},"skip":true},"42":{"start":{"line":133,"column":16},"end":{"line":137,"column":36},"skip":true},"43":{"start":{"line":134,"column":20},"end":{"line":136,"column":55},"skip":true},"44":{"start":{"line":139,"column":16},"end":{"line":139,"column":57},"skip":true},"45":{"start":{"line":143,"column":8},"end":{"line":147,"column":11},"skip":true},"46":{"start":{"line":144,"column":12},"end":{"line":146,"column":15},"skip":true},"47":{"start":{"line":145,"column":16},"end":{"line":145,"column":70},"skip":true},"48":{"start":{"line":149,"column":8},"end":{"line":149,"column":31},"skip":true},"49":{"start":{"line":150,"column":8},"end":{"line":150,"column":14},"skip":true},"50":{"start":{"line":158,"column":8},"end":{"line":158,"column":31},"skip":true},"51":{"start":{"line":160,"column":8},"end":{"line":160,"column":33},"skip":true},"52":{"start":{"line":161,"column":8},"end":{"line":161,"column":37},"skip":true},"53":{"start":{"line":162,"column":8},"end":{"line":162,"column":35},"skip":true},"54":{"start":{"line":164,"column":8},"end":{"line":164,"column":50},"skip":true},"55":{"start":{"line":166,"column":8},"end":{"line":256,"column":2},"skip":true},"56":{"start":{"line":258,"column":8},"end":{"line":286,"column":9},"skip":true},"57":{"start":{"line":259,"column":12},"end":{"line":269,"column":14},"skip":true},"58":{"start":{"line":271,"column":12},"end":{"line":285,"column":19},"skip":true},"59":{"start":{"line":274,"column":20},"end":{"line":274,"column":35},"skip":true},"60":{"start":{"line":275,"column":20},"end":{"line":284,"column":21},"skip":true},"61":{"start":{"line":277,"column":24},"end":{"line":277,"column":64},"skip":true},"62":{"start":{"line":279,"column":24},"end":{"line":279,"column":40},"skip":true},"63":{"start":{"line":281,"column":24},"end":{"line":281,"column":40},"skip":true},"64":{"start":{"line":283,"column":24},"end":{"line":283,"column":39},"skip":true},"65":{"start":{"line":288,"column":8},"end":{"line":290,"column":9},"skip":true},"66":{"start":{"line":289,"column":12},"end":{"line":289,"column":18},"skip":true},"67":{"start":{"line":291,"column":8},"end":{"line":293,"column":54},"skip":true},"68":{"start":{"line":296,"column":8},"end":{"line":301,"column":37},"skip":true},"69":{"start":{"line":303,"column":8},"end":{"line":303,"column":82},"skip":true},"70":{"start":{"line":306,"column":8},"end":{"line":308,"column":9},"skip":true},"71":{"start":{"line":307,"column":12},"end":{"line":307,"column":82},"skip":true},"72":{"start":{"line":310,"column":8},"end":{"line":312,"column":9},"skip":true},"73":{"start":{"line":311,"column":12},"end":{"line":311,"column":18},"skip":true},"74":{"start":{"line":313,"column":8},"end":{"line":313,"column":54},"skip":true},"75":{"start":{"line":314,"column":8},"end":{"line":314,"column":69},"skip":true},"76":{"start":{"line":315,"column":8},"end":{"line":323,"column":36},"skip":true},"77":{"start":{"line":316,"column":12},"end":{"line":316,"column":61},"skip":true},"78":{"start":{"line":317,"column":12},"end":{"line":320,"column":13},"skip":true},"79":{"start":{"line":318,"column":16},"end":{"line":318,"column":75},"skip":true},"80":{"start":{"line":319,"column":16},"end":{"line":319,"column":23},"skip":true},"81":{"start":{"line":321,"column":12},"end":{"line":321,"column":38},"skip":true},"82":{"start":{"line":322,"column":12},"end":{"line":322,"column":27},"skip":true},"83":{"start":{"line":324,"column":8},"end":{"line":324,"column":14},"skip":true}},"branchMap":{"1":{"line":39,"type":"binary-expr","locations":[{"start":{"line":39,"column":23},"end":{"line":39,"column":62}},{"start":{"line":40,"column":20},"end":{"line":40,"column":70}},{"start":{"line":41,"column":20},"end":{"line":41,"column":71}},{"start":{"line":42,"column":20},"end":{"line":42,"column":29}}]},"2":{"line":44,"type":"binary-expr","locations":[{"start":{"line":44,"column":23},"end":{"line":44,"column":37}},{"start":{"line":45,"column":20},"end":{"line":45,"column":61}},{"start":{"line":46,"column":20},"end":{"line":46,"column":70}},{"start":{"line":47,"column":20},"end":{"line":47,"column":26}}]},"3":{"line":51,"type":"cond-expr","locations":[{"start":{"line":52,"column":14},"end":{"line":52,"column":20}},{"start":{"line":53,"column":14},"end":{"line":53,"column":20}}]},"4":{"line":55,"type":"binary-expr","locations":[{"start":{"line":55,"column":16},"end":{"line":55,"column":44}},{"start":{"line":55,"column":49},"end":{"line":57,"column":43}}]},"5":{"line":55,"type":"cond-expr","locations":[{"start":{"line":56,"column":14},"end":{"line":56,"column":49}},{"start":{"line":57,"column":14},"end":{"line":57,"column":43}}]},"6":{"line":61,"type":"switch","locations":[{"start":{"line":68,"column":4},"end":{"line":150,"column":14},"skip":true},{"start":{"line":156,"column":4},"end":{"line":324,"column":14},"skip":true}]},"7":{"line":70,"type":"if","locations":[{"start":{"line":70,"column":12},"end":{"line":70,"column":12},"skip":true},{"start":{"line":70,"column":12},"end":{"line":70,"column":12},"skip":true}]},"8":{"line":70,"type":"binary-expr","locations":[{"start":{"line":70,"column":16},"end":{"line":70,"column":22},"skip":true},{"start":{"line":70,"column":27},"end":{"line":70,"column":32},"skip":true},{"start":{"line":71,"column":20},"end":{"line":71,"column":39},"skip":true},{"start":{"line":72,"column":20},"end":{"line":72,"column":49},"skip":true},{"start":{"line":73,"column":20},"end":{"line":73,"column":58},"skip":true},{"start":{"line":74,"column":20},"end":{"line":74,"column":69},"skip":true}]},"9":{"line":79,"type":"switch","locations":[{"start":{"line":80,"column":20},"end":{"line":80,"column":33},"skip":true},{"start":{"line":81,"column":20},"end":{"line":83,"column":30},"skip":true},{"start":{"line":84,"column":20},"end":{"line":85,"column":49},"skip":true}]},"10":{"line":89,"type":"switch","locations":[{"start":{"line":90,"column":12},"end":{"line":103,"column":22},"skip":true},{"start":{"line":105,"column":12},"end":{"line":106,"column":22},"skip":true}]},"11":{"line":89,"type":"binary-expr","locations":[{"start":{"line":89,"column":20},"end":{"line":89,"column":25},"skip":true},{"start":{"line":89,"column":29},"end":{"line":89,"column":48},"skip":true},{"start":{"line":89,"column":52},"end":{"line":89,"column":74},"skip":true}]},"12":{"line":92,"type":"if","locations":[{"start":{"line":92,"column":16},"end":{"line":92,"column":16},"skip":true},{"start":{"line":92,"column":16},"end":{"line":92,"column":16},"skip":true}]},"13":{"line":108,"type":"if","locations":[{"start":{"line":108,"column":12},"end":{"line":108,"column":12},"skip":true},{"start":{"line":108,"column":12},"end":{"line":108,"column":12},"skip":true}]},"14":{"line":108,"type":"binary-expr","locations":[{"start":{"line":108,"column":16},"end":{"line":108,"column":61},"skip":true},{"start":{"line":108,"column":66},"end":{"line":108,"column":72},"skip":true},{"start":{"line":108,"column":77},"end":{"line":108,"column":82},"skip":true},{"start":{"line":109,"column":20},"end":{"line":109,"column":39},"skip":true},{"start":{"line":110,"column":20},"end":{"line":110,"column":49},"skip":true},{"start":{"line":111,"column":20},"end":{"line":111,"column":58},"skip":true},{"start":{"line":112,"column":20},"end":{"line":112,"column":68},"skip":true}]},"15":{"line":129,"type":"if","locations":[{"start":{"line":129,"column":16},"end":{"line":129,"column":16},"skip":true},{"start":{"line":129,"column":16},"end":{"line":129,"column":16},"skip":true}]},"16":{"line":134,"type":"cond-expr","locations":[{"start":{"line":135,"column":26},"end":{"line":135,"column":29},"skip":true},{"start":{"line":136,"column":26},"end":{"line":136,"column":54},"skip":true}]},"17":{"line":164,"type":"binary-expr","locations":[{"start":{"line":164,"column":27},"end":{"line":164,"column":43},"skip":true},{"start":{"line":164,"column":47},"end":{"line":164,"column":49},"skip":true}]},"18":{"line":258,"type":"if","locations":[{"start":{"line":258,"column":8},"end":{"line":258,"column":8},"skip":true},{"start":{"line":258,"column":8},"end":{"line":258,"column":8},"skip":true}]},"19":{"line":275,"type":"switch","locations":[{"start":{"line":276,"column":20},"end":{"line":277,"column":64},"skip":true},{"start":{"line":278,"column":20},"end":{"line":279,"column":40},"skip":true},{"start":{"line":280,"column":20},"end":{"line":281,"column":40},"skip":true},{"start":{"line":282,"column":20},"end":{"line":283,"column":39},"skip":true}]},"20":{"line":288,"type":"if","locations":[{"start":{"line":288,"column":8},"end":{"line":288,"column":8},"skip":true},{"start":{"line":288,"column":8},"end":{"line":288,"column":8},"skip":true}]},"21":{"line":288,"type":"binary-expr","locations":[{"start":{"line":288,"column":12},"end":{"line":288,"column":40},"skip":true},{"start":{"line":288,"column":44},"end":{"line":288,"column":67},"skip":true}]},"22":{"line":292,"type":"binary-expr","locations":[{"start":{"line":292,"column":12},"end":{"line":292,"column":50},"skip":true},{"start":{"line":293,"column":12},"end":{"line":293,"column":53},"skip":true}]},"23":{"line":297,"type":"binary-expr","locations":[{"start":{"line":297,"column":12},"end":{"line":297,"column":63},"skip":true},{"start":{"line":298,"column":12},"end":{"line":301,"column":36},"skip":true}]},"24":{"line":303,"type":"binary-expr","locations":[{"start":{"line":303,"column":43},"end":{"line":303,"column":75},"skip":true},{"start":{"line":303,"column":79},"end":{"line":303,"column":81},"skip":true}]},"25":{"line":306,"type":"if","locations":[{"start":{"line":306,"column":8},"end":{"line":306,"column":8},"skip":true},{"start":{"line":306,"column":8},"end":{"line":306,"column":8},"skip":true}]},"26":{"line":310,"type":"if","locations":[{"start":{"line":310,"column":8},"end":{"line":310,"column":8},"skip":true},{"start":{"line":310,"column":8},"end":{"line":310,"column":8},"skip":true}]},"27":{"line":313,"type":"binary-expr","locations":[{"start":{"line":313,"column":27},"end":{"line":313,"column":43},"skip":true},{"start":{"line":313,"column":47},"end":{"line":313,"column":53},"skip":true}]},"28":{"line":317,"type":"if","locations":[{"start":{"line":317,"column":12},"end":{"line":317,"column":12},"skip":true},{"start":{"line":317,"column":12},"end":{"line":317,"column":12},"skip":true}]}},"code":["/*","example.js","","quickstart example","","instruction","    1. save this script as example.js","    2. run the shell command:","        $ npm install npmtest-vivus && PORT=8081 node example.js","    3. play with the browser-demo on http://127.0.0.1:8081","*/","","","","/* istanbul instrument in package npmtest_vivus */","/*jslint","    bitwise: true,","    browser: true,","    maxerr: 8,","    maxlen: 96,","    node: true,","    nomen: true,","    regexp: true,","    stupid: true","*/","(function () {","    'use strict';","    var local;","","","","    // run shared js-env code - pre-init","    (function () {","        // init local","        local = {};","        // init modeJs","        local.modeJs = (function () {","            try {","                return typeof navigator.userAgent === 'string' &&","                    typeof document.querySelector('body') === 'object' &&","                    typeof XMLHttpRequest.prototype.open === 'function' &&","                    'browser';","            } catch (errorCaughtBrowser) {","                return module.exports &&","                    typeof process.versions.node === 'string' &&","                    typeof require('http').createServer === 'function' &&","                    'node';","            }","        }());","        // init global","        local.global = local.modeJs === 'browser'","            ? window","            : global;","        // init utility2_rollup","        local = local.global.utility2_rollup || (local.modeJs === 'browser'","            ? local.global.utility2_npmtest_vivus","            : global.utility2_moduleExports);","        // export local","        local.global.local = local;","    }());","    switch (local.modeJs) {","","","","    // post-init","    // run browser js-env code - post-init","    /* istanbul ignore next */","    case 'browser':","        local.testRunBrowser = function (event) {","            if (!event || (event &&","                    event.currentTarget &&","                    event.currentTarget.className &&","                    event.currentTarget.className.includes &&","                    event.currentTarget.className.includes('onreset'))) {","                // reset output","                Array.from(","                    document.querySelectorAll('body > .resettable')","                ).forEach(function (element) {","                    switch (element.tagName) {","                    case 'INPUT':","                    case 'TEXTAREA':","                        element.value = '';","                        break;","                    default:","                        element.textContent = '';","                    }","                });","            }","            switch (event && event.currentTarget && event.currentTarget.id) {","            case 'testRunButton1':","                // show tests","                if (document.querySelector('#testReportDiv1').style.display === 'none') {","                    document.querySelector('#testReportDiv1').style.display = 'block';","                    document.querySelector('#testRunButton1').textContent =","                        'hide internal test';","                    local.modeTest = true;","                    local.testRunDefault(local);","                // hide tests","                } else {","                    document.querySelector('#testReportDiv1').style.display = 'none';","                    document.querySelector('#testRunButton1').textContent = 'run internal test';","                }","                break;","            // custom-case","            default:","                break;","            }","            if (document.querySelector('#inputTextareaEval1') && (!event || (event &&","                    event.currentTarget &&","                    event.currentTarget.className &&","                    event.currentTarget.className.includes &&","                    event.currentTarget.className.includes('oneval')))) {","                // try to eval input-code","                try {","                    /*jslint evil: true*/","                    eval(document.querySelector('#inputTextareaEval1').value);","                } catch (errorCaught) {","                    console.error(errorCaught);","                }","            }","        };","        // log stderr and stdout to #outputTextareaStdout1","        ['error', 'log'].forEach(function (key) {","            console[key + '_original'] = console[key];","            console[key] = function () {","                var element;","                console[key + '_original'].apply(console, arguments);","                element = document.querySelector('#outputTextareaStdout1');","                if (!element) {","                    return;","                }","                // append text to #outputTextareaStdout1","                element.value += Array.from(arguments).map(function (arg) {","                    return typeof arg === 'string'","                        ? arg","                        : JSON.stringify(arg, null, 4);","                }).join(' ') + '\\n';","                // scroll textarea to bottom","                element.scrollTop = element.scrollHeight;","            };","        });","        // init event-handling","        ['change', 'click', 'keyup'].forEach(function (event) {","            Array.from(document.querySelectorAll('.on' + event)).forEach(function (element) {","                element.addEventListener(event, local.testRunBrowser);","            });","        });","        // run tests","        local.testRunBrowser();","        break;","","","","    // run node js-env code - post-init","    /* istanbul ignore next */","    case 'node':","        // export local","        module.exports = local;","        // require modules","        local.fs = require('fs');","        local.http = require('http');","        local.url = require('url');","        // init assets","        local.assetsDict = local.assetsDict || {};","        /* jslint-ignore-begin */","        local.assetsDict['/assets.index.template.html'] = '\\","<!doctype html>\\n\\","<html lang=\"en\">\\n\\","<head>\\n\\","<meta charset=\"UTF-8\">\\n\\","<meta name=\"viewport\" content=\"width=device-width, initial-scale=1\">\\n\\","<title>{{env.npm_package_name}} (v{{env.npm_package_version}})</title>\\n\\","<style>\\n\\","/*csslint\\n\\","    box-sizing: false,\\n\\","    universal-selector: false\\n\\","*/\\n\\","* {\\n\\","    box-sizing: border-box;\\n\\","}\\n\\","body {\\n\\","    background: #dde;\\n\\","    font-family: Arial, Helvetica, sans-serif;\\n\\","    margin: 2rem;\\n\\","}\\n\\","body > * {\\n\\","    margin-bottom: 1rem;\\n\\","}\\n\\",".utility2FooterDiv {\\n\\","    margin-top: 20px;\\n\\","    text-align: center;\\n\\","}\\n\\","</style>\\n\\","<style>\\n\\","/*csslint\\n\\","*/\\n\\","textarea {\\n\\","    font-family: monospace;\\n\\","    height: 10rem;\\n\\","    width: 100%;\\n\\","}\\n\\","textarea[readonly] {\\n\\","    background: #ddd;\\n\\","}\\n\\","</style>\\n\\","</head>\\n\\","<body>\\n\\","<!-- utility2-comment\\n\\","<div id=\"ajaxProgressDiv1\" style=\"background: #d00; height: 2px; left: 0; margin: 0; padding: 0; position: fixed; top: 0; transition: background 0.5s, width 1.5s; width: 25%;\"></div>\\n\\","utility2-comment -->\\n\\","<h1>\\n\\","<!-- utility2-comment\\n\\","    <a\\n\\","        {{#if env.npm_package_homepage}}\\n\\","        href=\"{{env.npm_package_homepage}}\"\\n\\","        {{/if env.npm_package_homepage}}\\n\\","        target=\"_blank\"\\n\\","    >\\n\\","utility2-comment -->\\n\\","        {{env.npm_package_name}} (v{{env.npm_package_version}})\\n\\","<!-- utility2-comment\\n\\","    </a>\\n\\","utility2-comment -->\\n\\","</h1>\\n\\","<h3>{{env.npm_package_description}}</h3>\\n\\","<!-- utility2-comment\\n\\","<h4><a download href=\"assets.app.js\">download standalone app</a></h4>\\n\\","<button class=\"onclick onreset\" id=\"testRunButton1\">run internal test</button><br>\\n\\","<div id=\"testReportDiv1\" style=\"display: none;\"></div>\\n\\","utility2-comment -->\\n\\","\\n\\","\\n\\","\\n\\","<label>stderr and stdout</label>\\n\\","<textarea class=\"resettable\" id=\"outputTextareaStdout1\" readonly></textarea>\\n\\","<!-- utility2-comment\\n\\","{{#if isRollup}}\\n\\","<script src=\"assets.app.js\"></script>\\n\\","{{#unless isRollup}}\\n\\","utility2-comment -->\\n\\","<script src=\"assets.utility2.rollup.js\"></script>\\n\\","<script src=\"jsonp.utility2._stateInit?callback=window.utility2._stateInit\"></script>\\n\\","<script src=\"assets.npmtest_vivus.rollup.js\"></script>\\n\\","<script src=\"assets.example.js\"></script>\\n\\","<script src=\"assets.test.js\"></script>\\n\\","<!-- utility2-comment\\n\\","{{/if isRollup}}\\n\\","utility2-comment -->\\n\\","<div class=\"utility2FooterDiv\">\\n\\","    [ this app was created with\\n\\","    <a href=\"https://github.com/kaizhu256/node-utility2\" target=\"_blank\">utility2</a>\\n\\","    ]\\n\\","</div>\\n\\","</body>\\n\\","</html>\\n\\","';","        /* jslint-ignore-end */","        if (local.templateRender) {","            local.assetsDict['/'] = local.templateRender(","                local.assetsDict['/assets.index.template.html'],","                {","                    env: local.objectSetDefault(local.env, {","                        npm_package_description: 'the greatest app in the world!',","                        npm_package_name: 'my-app',","                        npm_package_nameAlias: 'my_app',","                        npm_package_version: '0.0.1'","                    })","                }","            );","        } else {","            local.assetsDict['/'] = local.assetsDict['/assets.index.template.html']","                .replace((/\\{\\{env\\.(\\w+?)\\}\\}/g), function (match0, match1) {","                    // jslint-hack","                    String(match0);","                    switch (match1) {","                    case 'npm_package_description':","                        return 'the greatest app in the world!';","                    case 'npm_package_name':","                        return 'my-app';","                    case 'npm_package_nameAlias':","                        return 'my_app';","                    case 'npm_package_version':","                        return '0.0.1';","                    }","                });","        }","        // run the cli","        if (local.global.utility2_rollup || module !== require.main) {","            break;","        }","        local.assetsDict['/assets.example.js'] =","            local.assetsDict['/assets.example.js'] ||","            local.fs.readFileSync(__filename, 'utf8');","        // bug-workaround - long $npm_package_buildCustomOrg","        /* jslint-ignore-begin */","        local.assetsDict['/assets.npmtest_vivus.rollup.js'] =","            local.assetsDict['/assets.npmtest_vivus.rollup.js'] ||","            local.fs.readFileSync(","                local.npmtest_vivus.__dirname + '/lib.npmtest_vivus.js',","                'utf8'","            ).replace((/^#!/), '//');","        /* jslint-ignore-end */","        local.assetsDict['/favicon.ico'] = local.assetsDict['/favicon.ico'] || '';","        // if $npm_config_timeout_exit exists,","        // then exit this process after $npm_config_timeout_exit ms","        if (Number(process.env.npm_config_timeout_exit)) {","            setTimeout(process.exit, Number(process.env.npm_config_timeout_exit));","        }","        // start server","        if (local.global.utility2_serverHttp1) {","            break;","        }","        process.env.PORT = process.env.PORT || '8081';","        console.error('server starting on port ' + process.env.PORT);","        local.http.createServer(function (request, response) {","            request.urlParsed = local.url.parse(request.url);","            if (local.assetsDict[request.urlParsed.pathname] !== undefined) {","                response.end(local.assetsDict[request.urlParsed.pathname]);","                return;","            }","            response.statusCode = 404;","            response.end();","        }).listen(process.env.PORT);","        break;","    }","}());",""],"l":{"26":2,"28":2,"33":2,"35":2,"37":2,"38":2,"39":2,"44":1,"51":2,"55":2,"59":2,"61":2,"69":1,"70":2,"76":2,"79":2,"82":2,"83":2,"85":1,"89":2,"92":1,"93":1,"94":1,"96":1,"97":1,"100":1,"101":1,"103":1,"106":1,"108":2,"114":1,"116":1,"118":1,"123":1,"124":2,"125":2,"126":3,"127":3,"128":3,"129":3,"130":1,"133":3,"134":3,"139":3,"143":1,"144":3,"145":1,"149":1,"150":1,"158":1,"160":1,"161":1,"162":1,"164":1,"166":1,"258":1,"259":1,"271":1,"274":6,"275":6,"277":1,"279":2,"281":1,"283":2,"288":1,"289":1,"291":1,"296":1,"303":1,"306":1,"307":1,"310":1,"311":1,"313":1,"314":1,"315":1,"316":1,"317":1,"318":1,"319":1,"321":1,"322":1,"324":1}},"/home/travis/build/npmtest/node-npmtest-vivus/node_modules/vivus/dist/vivus.js":{"path":"/home/travis/build/npmtest/node-npmtest-vivus/node_modules/vivus/dist/vivus.js","s":{"1":2,"2":1,"3":0,"4":0,"5":0,"6":0,"7":0,"8":0,"9":0,"10":0,"11":0,"12":0,"13":0,"14":0,"15":0,"16":0,"17":0,"18":0,"19":0,"20":0,"21":0,"22":0,"23":0,"24":0,"25":0,"26":0,"27":0,"28":0,"29":0,"30":0,"31":0,"32":0,"33":0,"34":0,"35":0,"36":0,"37":0,"38":0,"39":0,"40":0,"41":0,"42":0,"43":0,"44":0,"45":0,"46":0,"47":0,"48":0,"49":0,"50":0,"51":0,"52":0,"53":0,"54":0,"55":0,"56":0,"57":0,"58":0,"59":0,"60":0,"61":0,"62":0,"63":0,"64":0,"65":0,"66":0,"67":0,"68":0,"69":0,"70":0,"71":0,"72":0,"73":0,"74":0,"75":0,"76":0,"77":0,"78":1,"79":0,"80":0,"81":0,"82":0,"83":0,"84":0,"85":0,"86":0,"87":0,"88":0,"89":0,"90":0,"91":0,"92":0,"93":0,"94":0,"95":0,"96":0,"97":0,"98":0,"99":0,"100":0,"101":0,"102":0,"103":0,"104":0,"105":0,"106":0,"107":0,"108":0,"109":0,"110":0,"111":0,"112":0,"113":0,"114":0,"115":0,"116":0,"117":0,"118":0,"119":0,"120":0,"121":0,"122":0,"123":0,"124":0,"125":0,"126":0,"127":0,"128":0,"129":0,"130":0,"131":0,"132":0,"133":0,"134":0,"135":0,"136":0,"137":0,"138":0,"139":0,"140":0,"141":0,"142":0,"143":0,"144":0,"145":0,"146":0,"147":0,"148":0,"149":0,"150":0,"151":0,"152":0,"153":0,"154":0,"155":0,"156":0,"157":0,"158":0,"159":0,"160":0,"161":0,"162":0,"163":0,"164":0,"165":0,"166":0,"167":0,"168":0,"169":0,"170":0,"171":0,"172":0,"173":0,"174":0,"175":0,"176":0,"177":0,"178":0,"179":0,"180":0,"181":0,"182":0,"183":0,"184":0,"185":0,"186":0,"187":0,"188":0,"189":0,"190":0,"191":0,"192":0,"193":0,"194":0,"195":0,"196":0,"197":0,"198":0,"199":0,"200":0,"201":0,"202":0,"203":0,"204":0,"205":0,"206":0,"207":0,"208":0,"209":0,"210":0,"211":0,"212":0,"213":0,"214":0,"215":0,"216":0,"217":0,"218":0,"219":0,"220":0,"221":0,"222":0,"223":0,"224":0,"225":0,"226":0,"227":0,"228":0,"229":0,"230":0,"231":0,"232":0,"233":0,"234":0,"235":0,"236":0,"237":0,"238":0,"239":0,"240":0,"241":0,"242":0,"243":0,"244":0,"245":0,"246":0,"247":0,"248":0,"249":0,"250":0,"251":0,"252":0,"253":0,"254":0,"255":0,"256":0,"257":0,"258":0,"259":0,"260":0,"261":0,"262":0,"263":0,"264":0,"265":0,"266":0,"267":0,"268":0,"269":0,"270":0,"271":0,"272":0,"273":0,"274":0,"275":0,"276":0,"277":0,"278":0,"279":0,"280":0,"281":0,"282":0,"283":0,"284":0,"285":0,"286":0,"287":0,"288":0,"289":0,"290":0,"291":0,"292":0,"293":0,"294":0,"295":0,"296":0,"297":0,"298":0,"299":0,"300":0,"301":0,"302":0,"303":0,"304":0,"305":0,"306":0,"307":0,"308":0,"309":0,"310":0,"311":0,"312":0,"313":0,"314":0,"315":0,"316":0,"317":0,"318":0,"319":0,"320":0,"321":0,"322":0,"323":0,"324":0,"325":0,"326":0,"327":0,"328":0,"329":0,"330":0,"331":0,"332":0,"333":0,"334":0,"335":0,"336":0,"337":0,"338":0,"339":0,"340":0,"341":0,"342":0,"343":0,"344":0,"345":0,"346":0,"347":0,"348":0,"349":0,"350":0,"351":0,"352":0,"353":0},"b":{"1":[0,0],"2":[0,0],"3":[0,0],"4":[0,0],"5":[0,0],"6":[0,0],"7":[0,0],"8":[0,0],"9":[0,0],"10":[0,0],"11":[0,0],"12":[0,0],"13":[0,0],"14":[0,0],"15":[0,0],"16":[0,0],"17":[0,0],"18":[0,0],"19":[0,0],"20":[0,0],"21":[0,0],"22":[0,0],"23":[0,0],"24":[0,0],"25":[0,0],"26":[0,0],"27":[0,0],"28":[0,0],"29":[0,0],"30":[0,0],"31":[0,0],"32":[0,0,0,0],"33":[0,0],"34":[0,0],"35":[0,0],"36":[0,0],"37":[0,0],"38":[0,0],"39":[0,0],"40":[0,0],"41":[0,0],"42":[0,0],"43":[0,0],"44":[0,0],"45":[0,0],"46":[0,0],"47":[0,0],"48":[0,0],"49":[0,0,0],"50":[0,0],"51":[0,0],"52":[0,0],"53":[0,0],"54":[0,0],"55":[0,0],"56":[0,0],"57":[0,0],"58":[0,0],"59":[0,0],"60":[0,0],"61":[0,0],"62":[0,0],"63":[0,0],"64":[0,0],"65":[0,0],"66":[0,0,0,0,0,0,0],"67":[0,0],"68":[0,0],"69":[0,0],"70":[0,0],"71":[0,0],"72":[0,0],"73":[0,0],"74":[0,0],"75":[0,0],"76":[0,0],"77":[0,0,0],"78":[0,0],"79":[0,0,0],"80":[0,0],"81":[0,0],"82":[0,0],"83":[0,0],"84":[0,0],"85":[0,0],"86":[0,0],"87":[0,0],"88":[0,0,0],"89":[0,0],"90":[0,0],"91":[0,0],"92":[0,0],"93":[0,0],"94":[0,0],"95":[0,0],"96":[0,0],"97":[0,0],"98":[0,0],"99":[0,0],"100":[0,0],"101":[0,0,0,0,0,0],"102":[0,0,0,0,0,0],"103":[0,0],"104":[0,0],"105":[0,0],"106":[0,0]},"f":{"1":0,"2":0,"3":0,"4":0,"5":0,"6":0,"7":0,"8":0,"9":0,"10":0,"11":0,"12":0,"13":0,"14":0,"15":0,"16":0,"17":0,"18":0,"19":0,"20":0,"21":0,"22":0,"23":0,"24":0,"25":0,"26":0,"27":0,"28":0,"29":0,"30":0,"31":0,"32":0,"33":0,"34":0,"35":0,"36":0,"37":0,"38":0,"39":0,"40":0,"41":0,"42":0,"43":0,"44":0,"45":0,"46":0,"47":0,"48":0},"fnMap":{"1":{"name":"(anonymous_1)","line":10,"loc":{"start":{"line":10,"column":1},"end":{"line":10,"column":29}}},"2":{"name":"Pathformer","line":30,"loc":{"start":{"line":30,"column":0},"end":{"line":30,"column":29}}},"3":{"name":"(anonymous_3)","line":76,"loc":{"start":{"line":76,"column":28},"end":{"line":76,"column":43}}},"4":{"name":"(anonymous_4)","line":97,"loc":{"start":{"line":97,"column":34},"end":{"line":97,"column":53}}},"5":{"name":"(anonymous_5)","line":117,"loc":{"start":{"line":117,"column":34},"end":{"line":117,"column":53}}},"6":{"name":"(anonymous_6)","line":138,"loc":{"start":{"line":138,"column":38},"end":{"line":138,"column":57}}},"7":{"name":"(anonymous_7)","line":173,"loc":{"start":{"line":173,"column":37},"end":{"line":173,"column":56}}},"8":{"name":"(anonymous_8)","line":187,"loc":{"start":{"line":187,"column":37},"end":{"line":187,"column":56}}},"9":{"name":"(anonymous_9)","line":211,"loc":{"start":{"line":211,"column":36},"end":{"line":211,"column":55}}},"10":{"name":"(anonymous_10)","line":235,"loc":{"start":{"line":235,"column":33},"end":{"line":235,"column":62}}},"11":{"name":"(anonymous_11)","line":256,"loc":{"start":{"line":256,"column":33},"end":{"line":256,"column":52}}},"12":{"name":"Vivus","line":321,"loc":{"start":{"line":321,"column":0},"end":{"line":321,"column":44}}},"13":{"name":"(anonymous_13)","line":342,"loc":{"start":{"line":342,"column":24},"end":{"line":342,"column":37}}},"14":{"name":"(anonymous_14)","line":343,"loc":{"start":{"line":343,"column":24},"end":{"line":343,"column":37}}},"15":{"name":"(anonymous_15)","line":344,"loc":{"start":{"line":344,"column":24},"end":{"line":344,"column":37}}},"16":{"name":"(anonymous_16)","line":345,"loc":{"start":{"line":345,"column":24},"end":{"line":345,"column":37}}},"17":{"name":"(anonymous_17)","line":346,"loc":{"start":{"line":346,"column":24},"end":{"line":346,"column":37}}},"18":{"name":"(anonymous_18)","line":367,"loc":{"start":{"line":367,"column":29},"end":{"line":367,"column":57}}},"19":{"name":"(anonymous_19)","line":404,"loc":{"start":{"line":404,"column":13},"end":{"line":404,"column":26}}},"20":{"name":"(anonymous_20)","line":442,"loc":{"start":{"line":442,"column":29},"end":{"line":442,"column":48}}},"21":{"name":"(anonymous_21)","line":498,"loc":{"start":{"line":498,"column":30},"end":{"line":498,"column":50}}},"22":{"name":"(anonymous_22)","line":503,"loc":{"start":{"line":503,"column":30},"end":{"line":503,"column":42}}},"23":{"name":"(anonymous_23)","line":532,"loc":{"start":{"line":532,"column":26},"end":{"line":532,"column":38}}},"24":{"name":"(anonymous_24)","line":628,"loc":{"start":{"line":628,"column":25},"end":{"line":628,"column":37}}},"25":{"name":"(anonymous_25)","line":644,"loc":{"start":{"line":644,"column":35},"end":{"line":644,"column":47}}},"26":{"name":"(anonymous_26)","line":670,"loc":{"start":{"line":670,"column":24},"end":{"line":670,"column":36}}},"27":{"name":"(anonymous_27)","line":697,"loc":{"start":{"line":697,"column":29},"end":{"line":697,"column":46}}},"28":{"name":"(anonymous_28)","line":715,"loc":{"start":{"line":715,"column":23},"end":{"line":715,"column":35}}},"29":{"name":"(anonymous_29)","line":740,"loc":{"start":{"line":740,"column":26},"end":{"line":740,"column":38}}},"30":{"name":"(anonymous_30)","line":751,"loc":{"start":{"line":751,"column":15},"end":{"line":751,"column":27}}},"31":{"name":"(anonymous_31)","line":774,"loc":{"start":{"line":774,"column":28},"end":{"line":774,"column":40}}},"32":{"name":"(anonymous_32)","line":785,"loc":{"start":{"line":785,"column":24},"end":{"line":785,"column":36}}},"33":{"name":"(anonymous_33)","line":796,"loc":{"start":{"line":796,"column":25},"end":{"line":796,"column":37}}},"34":{"name":"(anonymous_34)","line":805,"loc":{"start":{"line":805,"column":35},"end":{"line":805,"column":55}}},"35":{"name":"(anonymous_35)","line":824,"loc":{"start":{"line":824,"column":23},"end":{"line":824,"column":50}}},"36":{"name":"(anonymous_36)","line":852,"loc":{"start":{"line":852,"column":23},"end":{"line":852,"column":35}}},"37":{"name":"(anonymous_37)","line":866,"loc":{"start":{"line":866,"column":26},"end":{"line":866,"column":38}}},"38":{"name":"(anonymous_38)","line":898,"loc":{"start":{"line":898,"column":30},"end":{"line":898,"column":44}}},"39":{"name":"(anonymous_39)","line":922,"loc":{"start":{"line":922,"column":28},"end":{"line":922,"column":47}}},"40":{"name":"(anonymous_40)","line":940,"loc":{"start":{"line":940,"column":31},"end":{"line":940,"column":48}}},"41":{"name":"(anonymous_41)","line":968,"loc":{"start":{"line":968,"column":31},"end":{"line":968,"column":43}}},"42":{"name":"(anonymous_42)","line":985,"loc":{"start":{"line":985,"column":26},"end":{"line":985,"column":38}}},"43":{"name":"(anonymous_43)","line":994,"loc":{"start":{"line":994,"column":20},"end":{"line":994,"column":32}}},"44":{"name":"(anonymous_44)","line":1001,"loc":{"start":{"line":1001,"column":4},"end":{"line":1001,"column":37}}},"45":{"name":"(anonymous_45)","line":1012,"loc":{"start":{"line":1012,"column":19},"end":{"line":1012,"column":31}}},"46":{"name":"(anonymous_46)","line":1019,"loc":{"start":{"line":1019,"column":4},"end":{"line":1019,"column":16}}},"47":{"name":"(anonymous_47)","line":1036,"loc":{"start":{"line":1036,"column":19},"end":{"line":1036,"column":50}}},"48":{"name":"(anonymous_48)","line":1044,"loc":{"start":{"line":1044,"column":15},"end":{"line":1044,"column":26}}}},"statementMap":{"1":{"start":{"line":10,"column":0},"end":{"line":1057,"column":21}},"2":{"start":{"line":30,"column":0},"end":{"line":51,"column":1}},"3":{"start":{"line":32,"column":2},"end":{"line":34,"column":3}},"4":{"start":{"line":33,"column":4},"end":{"line":33,"column":81}},"5":{"start":{"line":37,"column":2},"end":{"line":42,"column":3}},"6":{"start":{"line":38,"column":4},"end":{"line":38,"column":47}},"7":{"start":{"line":39,"column":4},"end":{"line":41,"column":5}},"8":{"start":{"line":40,"column":6},"end":{"line":40,"column":104}},"9":{"start":{"line":43,"column":2},"end":{"line":47,"column":3}},"10":{"start":{"line":44,"column":4},"end":{"line":44,"column":22}},"11":{"start":{"line":46,"column":4},"end":{"line":46,"column":102}},"12":{"start":{"line":50,"column":2},"end":{"line":50,"column":21}},"13":{"start":{"line":59,"column":0},"end":{"line":59,"column":90}},"14":{"start":{"line":68,"column":0},"end":{"line":68,"column":108}},"15":{"start":{"line":76,"column":0},"end":{"line":87,"column":2}},"16":{"start":{"line":77,"column":2},"end":{"line":78,"column":60}},"17":{"start":{"line":80,"column":2},"end":{"line":86,"column":3}},"18":{"start":{"line":81,"column":4},"end":{"line":81,"column":26}},"19":{"start":{"line":82,"column":4},"end":{"line":82,"column":56}},"20":{"start":{"line":83,"column":4},"end":{"line":83,"column":54}},"21":{"start":{"line":84,"column":4},"end":{"line":84,"column":48}},"22":{"start":{"line":85,"column":4},"end":{"line":85,"column":54}},"23":{"start":{"line":97,"column":0},"end":{"line":106,"column":2}},"24":{"start":{"line":98,"column":2},"end":{"line":102,"column":27}},"25":{"start":{"line":104,"column":2},"end":{"line":104,"column":59}},"26":{"start":{"line":105,"column":2},"end":{"line":105,"column":20}},"27":{"start":{"line":117,"column":0},"end":{"line":129,"column":2}},"28":{"start":{"line":118,"column":2},"end":{"line":122,"column":47}},"29":{"start":{"line":124,"column":2},"end":{"line":124,"column":42}},"30":{"start":{"line":125,"column":2},"end":{"line":125,"column":52}},"31":{"start":{"line":126,"column":2},"end":{"line":126,"column":63}},"32":{"start":{"line":127,"column":2},"end":{"line":127,"column":54}},"33":{"start":{"line":128,"column":2},"end":{"line":128,"column":20}},"34":{"start":{"line":138,"column":0},"end":{"line":161,"column":2}},"35":{"start":{"line":139,"column":2},"end":{"line":141,"column":14}},"36":{"start":{"line":144,"column":2},"end":{"line":150,"column":3}},"37":{"start":{"line":145,"column":4},"end":{"line":145,"column":29}},"38":{"start":{"line":146,"column":4},"end":{"line":148,"column":5}},"39":{"start":{"line":147,"column":6},"end":{"line":147,"column":58}},"40":{"start":{"line":149,"column":4},"end":{"line":149,"column":29}},"41":{"start":{"line":153,"column":2},"end":{"line":153,"column":25}},"42":{"start":{"line":154,"column":2},"end":{"line":158,"column":3}},"43":{"start":{"line":155,"column":4},"end":{"line":157,"column":5}},"44":{"start":{"line":156,"column":6},"end":{"line":156,"column":30}},"45":{"start":{"line":159,"column":2},"end":{"line":159,"column":22}},"46":{"start":{"line":160,"column":2},"end":{"line":160,"column":20}},"47":{"start":{"line":173,"column":0},"end":{"line":178,"column":2}},"48":{"start":{"line":174,"column":2},"end":{"line":174,"column":64}},"49":{"start":{"line":176,"column":2},"end":{"line":176,"column":22}},"50":{"start":{"line":177,"column":2},"end":{"line":177,"column":20}},"51":{"start":{"line":187,"column":0},"end":{"line":202,"column":2}},"52":{"start":{"line":188,"column":2},"end":{"line":196,"column":16}},"53":{"start":{"line":198,"column":2},"end":{"line":200,"column":71}},"54":{"start":{"line":201,"column":2},"end":{"line":201,"column":20}},"55":{"start":{"line":211,"column":0},"end":{"line":225,"column":2}},"56":{"start":{"line":212,"column":2},"end":{"line":219,"column":16}},"57":{"start":{"line":221,"column":2},"end":{"line":223,"column":70}},"58":{"start":{"line":224,"column":2},"end":{"line":224,"column":20}},"59":{"start":{"line":235,"column":0},"end":{"line":247,"column":2}},"60":{"start":{"line":236,"column":2},"end":{"line":236,"column":87}},"61":{"start":{"line":237,"column":2},"end":{"line":242,"column":3}},"62":{"start":{"line":238,"column":4},"end":{"line":238,"column":33}},"63":{"start":{"line":239,"column":4},"end":{"line":241,"column":5}},"64":{"start":{"line":240,"column":6},"end":{"line":240,"column":50}},"65":{"start":{"line":243,"column":2},"end":{"line":245,"column":3}},"66":{"start":{"line":244,"column":4},"end":{"line":244,"column":41}},"67":{"start":{"line":246,"column":2},"end":{"line":246,"column":17}},"68":{"start":{"line":256,"column":0},"end":{"line":267,"column":2}},"69":{"start":{"line":257,"column":2},"end":{"line":257,"column":24}},"70":{"start":{"line":258,"column":2},"end":{"line":265,"column":3}},"71":{"start":{"line":259,"column":4},"end":{"line":259,"column":22}},"72":{"start":{"line":261,"column":4},"end":{"line":263,"column":5}},"73":{"start":{"line":262,"column":6},"end":{"line":262,"column":158}},"74":{"start":{"line":264,"column":4},"end":{"line":264,"column":35}},"75":{"start":{"line":266,"column":2},"end":{"line":266,"column":16}},"76":{"start":{"line":269,"column":2},"end":{"line":269,"column":15}},"77":{"start":{"line":271,"column":0},"end":{"line":271,"column":56}},"78":{"start":{"line":321,"column":0},"end":{"line":332,"column":1}},"79":{"start":{"line":324,"column":2},"end":{"line":324,"column":23}},"80":{"start":{"line":325,"column":2},"end":{"line":325,"column":36}},"81":{"start":{"line":326,"column":2},"end":{"line":326,"column":27}},"82":{"start":{"line":327,"column":2},"end":{"line":327,"column":29}},"83":{"start":{"line":329,"column":2},"end":{"line":331,"column":3}},"84":{"start":{"line":330,"column":4},"end":{"line":330,"column":16}},"85":{"start":{"line":342,"column":0},"end":{"line":342,"column":49}},"86":{"start":{"line":342,"column":38},"end":{"line":342,"column":47}},"87":{"start":{"line":343,"column":0},"end":{"line":343,"column":80}},"88":{"start":{"line":343,"column":38},"end":{"line":343,"column":78}},"89":{"start":{"line":344,"column":0},"end":{"line":344,"column":68}},"90":{"start":{"line":344,"column":38},"end":{"line":344,"column":66}},"91":{"start":{"line":345,"column":0},"end":{"line":345,"column":62}},"92":{"start":{"line":345,"column":38},"end":{"line":345,"column":60}},"93":{"start":{"line":346,"column":0},"end":{"line":352,"column":2}},"94":{"start":{"line":347,"column":2},"end":{"line":350,"column":64}},"95":{"start":{"line":351,"column":2},"end":{"line":351,"column":41}},"96":{"start":{"line":367,"column":0},"end":{"line":433,"column":2}},"97":{"start":{"line":369,"column":2},"end":{"line":371,"column":3}},"98":{"start":{"line":370,"column":4},"end":{"line":370,"column":76}},"99":{"start":{"line":374,"column":2},"end":{"line":379,"column":3}},"100":{"start":{"line":375,"column":4},"end":{"line":375,"column":47}},"101":{"start":{"line":376,"column":4},"end":{"line":378,"column":5}},"102":{"start":{"line":377,"column":6},"end":{"line":377,"column":99}},"103":{"start":{"line":380,"column":2},"end":{"line":380,"column":26}},"104":{"start":{"line":383,"column":2},"end":{"line":390,"column":3}},"105":{"start":{"line":384,"column":4},"end":{"line":384,"column":50}},"106":{"start":{"line":385,"column":4},"end":{"line":385,"column":49}},"107":{"start":{"line":386,"column":4},"end":{"line":386,"column":46}},"108":{"start":{"line":387,"column":4},"end":{"line":387,"column":50}},"109":{"start":{"line":388,"column":4},"end":{"line":388,"column":32}},"110":{"start":{"line":389,"column":4},"end":{"line":389,"column":21}},"111":{"start":{"line":392,"column":2},"end":{"line":432,"column":3}},"112":{"start":{"line":395,"column":4},"end":{"line":395,"column":22}},"113":{"start":{"line":396,"column":4},"end":{"line":396,"column":24}},"114":{"start":{"line":397,"column":4},"end":{"line":397,"column":10}},"115":{"start":{"line":401,"column":4},"end":{"line":401,"column":21}},"116":{"start":{"line":403,"column":4},"end":{"line":403,"column":16}},"117":{"start":{"line":404,"column":4},"end":{"line":423,"column":6}},"118":{"start":{"line":405,"column":6},"end":{"line":407,"column":7}},"119":{"start":{"line":406,"column":8},"end":{"line":406,"column":15}},"120":{"start":{"line":408,"column":6},"end":{"line":408,"column":88}},"121":{"start":{"line":409,"column":6},"end":{"line":422,"column":7}},"122":{"start":{"line":410,"column":8},"end":{"line":410,"column":87}},"123":{"start":{"line":412,"column":11},"end":{"line":422,"column":7}},"124":{"start":{"line":413,"column":8},"end":{"line":418,"column":9}},"125":{"start":{"line":414,"column":10},"end":{"line":414,"column":55}},"126":{"start":{"line":415,"column":10},"end":{"line":415,"column":45}},"127":{"start":{"line":416,"column":10},"end":{"line":416,"column":48}},"128":{"start":{"line":417,"column":10},"end":{"line":417,"column":49}},"129":{"start":{"line":419,"column":8},"end":{"line":419,"column":28}},"130":{"start":{"line":420,"column":8},"end":{"line":420,"column":20}},"131":{"start":{"line":421,"column":8},"end":{"line":421,"column":20}},"132":{"start":{"line":425,"column":4},"end":{"line":427,"column":5}},"133":{"start":{"line":426,"column":6},"end":{"line":426,"column":47}},"134":{"start":{"line":428,"column":4},"end":{"line":428,"column":10}},"135":{"start":{"line":431,"column":4},"end":{"line":431,"column":108}},"136":{"start":{"line":442,"column":0},"end":{"line":489,"column":2}},"137":{"start":{"line":443,"column":2},"end":{"line":443,"column":100}},"138":{"start":{"line":444,"column":2},"end":{"line":444,"column":61}},"139":{"start":{"line":447,"column":2},"end":{"line":452,"column":3}},"140":{"start":{"line":448,"column":4},"end":{"line":448,"column":82}},"141":{"start":{"line":451,"column":4},"end":{"line":451,"column":28}},"142":{"start":{"line":455,"column":2},"end":{"line":460,"column":3}},"143":{"start":{"line":456,"column":4},"end":{"line":456,"column":101}},"144":{"start":{"line":459,"column":4},"end":{"line":459,"column":48}},"145":{"start":{"line":463,"column":2},"end":{"line":468,"column":3}},"146":{"start":{"line":464,"column":4},"end":{"line":464,"column":100}},"147":{"start":{"line":467,"column":4},"end":{"line":467,"column":51}},"148":{"start":{"line":470,"column":2},"end":{"line":470,"column":186}},"149":{"start":{"line":471,"column":2},"end":{"line":471,"column":62}},"150":{"start":{"line":472,"column":2},"end":{"line":472,"column":60}},"151":{"start":{"line":473,"column":2},"end":{"line":473,"column":59}},"152":{"start":{"line":474,"column":2},"end":{"line":474,"column":96}},"153":{"start":{"line":475,"column":2},"end":{"line":475,"column":45}},"154":{"start":{"line":476,"column":2},"end":{"line":476,"column":44}},"155":{"start":{"line":477,"column":2},"end":{"line":477,"column":38}},"156":{"start":{"line":478,"column":2},"end":{"line":478,"column":25}},"157":{"start":{"line":479,"column":2},"end":{"line":479,"column":91}},"158":{"start":{"line":481,"column":2},"end":{"line":481,"column":103}},"159":{"start":{"line":483,"column":2},"end":{"line":483,"column":71}},"160":{"start":{"line":484,"column":2},"end":{"line":484,"column":71}},"161":{"start":{"line":486,"column":2},"end":{"line":488,"column":3}},"162":{"start":{"line":487,"column":4},"end":{"line":487,"column":80}},"163":{"start":{"line":498,"column":0},"end":{"line":504,"column":2}},"164":{"start":{"line":500,"column":2},"end":{"line":502,"column":3}},"165":{"start":{"line":501,"column":4},"end":{"line":501,"column":84}},"166":{"start":{"line":503,"column":2},"end":{"line":503,"column":45}},"167":{"start":{"line":532,"column":0},"end":{"line":612,"column":2}},"168":{"start":{"line":533,"column":2},"end":{"line":533,"column":75}},"169":{"start":{"line":534,"column":2},"end":{"line":534,"column":44}},"170":{"start":{"line":535,"column":2},"end":{"line":535,"column":43}},"171":{"start":{"line":537,"column":2},"end":{"line":560,"column":3}},"172":{"start":{"line":538,"column":4},"end":{"line":538,"column":20}},"173":{"start":{"line":539,"column":4},"end":{"line":541,"column":5}},"174":{"start":{"line":540,"column":6},"end":{"line":540,"column":15}},"175":{"start":{"line":542,"column":4},"end":{"line":545,"column":6}},"176":{"start":{"line":547,"column":4},"end":{"line":552,"column":5}},"177":{"start":{"line":548,"column":6},"end":{"line":550,"column":7}},"178":{"start":{"line":549,"column":8},"end":{"line":549,"column":85}},"179":{"start":{"line":551,"column":6},"end":{"line":551,"column":15}},"180":{"start":{"line":553,"column":4},"end":{"line":553,"column":27}},"181":{"start":{"line":554,"column":4},"end":{"line":554,"column":93}},"182":{"start":{"line":555,"column":4},"end":{"line":555,"column":64}},"183":{"start":{"line":556,"column":4},"end":{"line":556,"column":35}},"184":{"start":{"line":557,"column":4},"end":{"line":557,"column":34}},"185":{"start":{"line":559,"column":4},"end":{"line":559,"column":23}},"186":{"start":{"line":562,"column":2},"end":{"line":562,"column":52}},"187":{"start":{"line":563,"column":2},"end":{"line":563,"column":68}},"188":{"start":{"line":564,"column":2},"end":{"line":564,"column":74}},"189":{"start":{"line":567,"column":2},"end":{"line":569,"column":3}},"190":{"start":{"line":568,"column":4},"end":{"line":568,"column":23}},"191":{"start":{"line":571,"column":2},"end":{"line":611,"column":3}},"192":{"start":{"line":572,"column":4},"end":{"line":572,"column":26}},"193":{"start":{"line":574,"column":4},"end":{"line":608,"column":5}},"194":{"start":{"line":576,"column":6},"end":{"line":576,"column":43}},"195":{"start":{"line":577,"column":6},"end":{"line":577,"column":52}},"196":{"start":{"line":578,"column":6},"end":{"line":578,"column":12}},"197":{"start":{"line":581,"column":6},"end":{"line":581,"column":66}},"198":{"start":{"line":582,"column":6},"end":{"line":582,"column":70}},"199":{"start":{"line":583,"column":6},"end":{"line":583,"column":12}},"200":{"start":{"line":588,"column":6},"end":{"line":588,"column":26}},"201":{"start":{"line":589,"column":6},"end":{"line":589,"column":39}},"202":{"start":{"line":590,"column":6},"end":{"line":590,"column":12}},"203":{"start":{"line":593,"column":6},"end":{"line":593,"column":24}},"204":{"start":{"line":594,"column":6},"end":{"line":594,"column":36}},"205":{"start":{"line":595,"column":6},"end":{"line":595,"column":98}},"206":{"start":{"line":596,"column":6},"end":{"line":596,"column":82}},"207":{"start":{"line":597,"column":6},"end":{"line":597,"column":108}},"208":{"start":{"line":598,"column":6},"end":{"line":598,"column":90}},"209":{"start":{"line":599,"column":6},"end":{"line":599,"column":12}},"210":{"start":{"line":602,"column":6},"end":{"line":602,"column":24}},"211":{"start":{"line":603,"column":6},"end":{"line":603,"column":36}},"212":{"start":{"line":604,"column":6},"end":{"line":604,"column":84}},"213":{"start":{"line":605,"column":6},"end":{"line":605,"column":82}},"214":{"start":{"line":606,"column":6},"end":{"line":606,"column":90}},"215":{"start":{"line":607,"column":6},"end":{"line":607,"column":12}},"216":{"start":{"line":609,"column":4},"end":{"line":609,"column":34}},"217":{"start":{"line":610,"column":4},"end":{"line":610,"column":57}},"218":{"start":{"line":628,"column":0},"end":{"line":655,"column":2}},"219":{"start":{"line":629,"column":2},"end":{"line":629,"column":18}},"220":{"start":{"line":630,"column":2},"end":{"line":630,"column":34}},"221":{"start":{"line":632,"column":2},"end":{"line":648,"column":3}},"222":{"start":{"line":633,"column":4},"end":{"line":633,"column":16}},"223":{"start":{"line":634,"column":4},"end":{"line":634,"column":17}},"224":{"start":{"line":635,"column":9},"end":{"line":648,"column":3}},"225":{"start":{"line":636,"column":4},"end":{"line":636,"column":16}},"226":{"start":{"line":637,"column":4},"end":{"line":637,"column":41}},"227":{"start":{"line":638,"column":4},"end":{"line":638,"column":17}},"228":{"start":{"line":639,"column":4},"end":{"line":641,"column":5}},"229":{"start":{"line":640,"column":6},"end":{"line":640,"column":21}},"230":{"start":{"line":643,"column":4},"end":{"line":643,"column":17}},"231":{"start":{"line":644,"column":4},"end":{"line":646,"column":7}},"232":{"start":{"line":645,"column":6},"end":{"line":645,"column":20}},"233":{"start":{"line":647,"column":4},"end":{"line":647,"column":11}},"234":{"start":{"line":650,"column":2},"end":{"line":650,"column":22}},"235":{"start":{"line":651,"column":2},"end":{"line":654,"column":3}},"236":{"start":{"line":652,"column":4},"end":{"line":652,"column":32}},"237":{"start":{"line":653,"column":4},"end":{"line":653,"column":33}},"238":{"start":{"line":670,"column":0},"end":{"line":683,"column":2}},"239":{"start":{"line":671,"column":2},"end":{"line":671,"column":38}},"240":{"start":{"line":672,"column":2},"end":{"line":672,"column":98}},"241":{"start":{"line":673,"column":2},"end":{"line":682,"column":3}},"242":{"start":{"line":674,"column":4},"end":{"line":674,"column":23}},"243":{"start":{"line":675,"column":4},"end":{"line":675,"column":61}},"244":{"start":{"line":676,"column":4},"end":{"line":676,"column":75}},"245":{"start":{"line":677,"column":4},"end":{"line":681,"column":5}},"246":{"start":{"line":678,"column":6},"end":{"line":678,"column":31}},"247":{"start":{"line":679,"column":6},"end":{"line":679,"column":80}},"248":{"start":{"line":680,"column":6},"end":{"line":680,"column":25}},"249":{"start":{"line":697,"column":0},"end":{"line":704,"column":2}},"250":{"start":{"line":698,"column":2},"end":{"line":703,"column":3}},"251":{"start":{"line":699,"column":4},"end":{"line":700,"column":45}},"252":{"start":{"line":701,"column":4},"end":{"line":701,"column":60}},"253":{"start":{"line":702,"column":4},"end":{"line":702,"column":25}},"254":{"start":{"line":715,"column":0},"end":{"line":729,"column":2}},"255":{"start":{"line":717,"column":2},"end":{"line":717,"column":23}},"256":{"start":{"line":718,"column":2},"end":{"line":718,"column":24}},"257":{"start":{"line":719,"column":2},"end":{"line":719,"column":16}},"258":{"start":{"line":722,"column":2},"end":{"line":722,"column":26}},"259":{"start":{"line":723,"column":2},"end":{"line":723,"column":17}},"260":{"start":{"line":724,"column":2},"end":{"line":724,"column":17}},"261":{"start":{"line":726,"column":2},"end":{"line":728,"column":3}},"262":{"start":{"line":727,"column":4},"end":{"line":727,"column":23}},"263":{"start":{"line":740,"column":0},"end":{"line":761,"column":2}},"264":{"start":{"line":741,"column":2},"end":{"line":760,"column":3}},"265":{"start":{"line":743,"column":4},"end":{"line":743,"column":11}},"266":{"start":{"line":746,"column":4},"end":{"line":746,"column":16}},"267":{"start":{"line":747,"column":4},"end":{"line":747,"column":10}},"268":{"start":{"line":750,"column":4},"end":{"line":756,"column":6}},"269":{"start":{"line":752,"column":6},"end":{"line":755,"column":7}},"270":{"start":{"line":753,"column":8},"end":{"line":753,"column":20}},"271":{"start":{"line":754,"column":8},"end":{"line":754,"column":55}},"272":{"start":{"line":757,"column":4},"end":{"line":757,"column":48}},"273":{"start":{"line":758,"column":4},"end":{"line":758,"column":15}},"274":{"start":{"line":759,"column":4},"end":{"line":759,"column":10}},"275":{"start":{"line":774,"column":0},"end":{"line":776,"column":2}},"276":{"start":{"line":775,"column":2},"end":{"line":775,"column":105}},"277":{"start":{"line":785,"column":0},"end":{"line":787,"column":2}},"278":{"start":{"line":786,"column":2},"end":{"line":786,"column":34}},"279":{"start":{"line":796,"column":0},"end":{"line":798,"column":2}},"280":{"start":{"line":797,"column":2},"end":{"line":797,"column":34}},"281":{"start":{"line":805,"column":0},"end":{"line":810,"column":2}},"282":{"start":{"line":806,"column":2},"end":{"line":806,"column":48}},"283":{"start":{"line":807,"column":2},"end":{"line":807,"column":62}},"284":{"start":{"line":808,"column":2},"end":{"line":808,"column":15}},"285":{"start":{"line":809,"column":2},"end":{"line":809,"column":14}},"286":{"start":{"line":824,"column":0},"end":{"line":845,"column":2}},"287":{"start":{"line":825,"column":2},"end":{"li
[...]
f the parameter is invalid"," *"," * @param  {object} options Object from the constructor"," */","Vivus.prototype.setOptions = function (options) {","  var allowedTypes = ['delayed', 'sync', 'async', 'nsync', 'oneByOne', 'scenario', 'scenario-sync'];","  var allowedStarts =  ['inViewport', 'manual', 'autostart'];","","  // Basic check","  if (options !== undefined && options.constructor !== Object) {","    throw new Error('Vivus [constructor]: \"options\" parameter must be an object');","  }","  else {","    options = options || {};","  }","","  // Set the animation type","  if (options.type && allowedTypes.indexOf(options.type) === -1) {","    throw new Error('Vivus [constructor]: ' + options.type + ' is not an existing animation `type`');","  }","  else {","    this.type = options.type || allowedTypes[0];","  }","","  // Set the start type","  if (options.start && allowedStarts.indexOf(options.start) === -1) {","    throw new Error('Vivus [constructor]: ' + options.start + ' is not an existing `start` option');","  }","  else {","    this.start = options.start || allowedStarts[0];","  }","","  this.isIE         = (window.navigator.userAgent.indexOf('MSIE') !== -1 || window.navigator.userAgent.indexOf('Trident/') !== -1 || window.navigator.userAgent.indexOf('Edge/') !== -1 );","  this.duration     = parsePositiveInt(options.duration, 120);","  this.delay        = parsePositiveInt(options.delay, null);","  this.dashGap      = parsePositiveInt(options.dashGap, 1);","  this.forceRender  = options.hasOwnProperty('forceRender') ? !!options.forceRender : this.isIE;","  this.reverseStack = !!options.reverseStack;","  this.selfDestroy  = !!options.selfDestroy;","  this.onReady      = options.onReady;","  this.map          = [];","  this.frameLength  = this.currentFrame = this.delayUnit = this.speed = this.handle = null;","","  this.ignoreInvisible = options.hasOwnProperty('ignoreInvisible') ? !!options.ignoreInvisible : false;","","  this.animTimingFunction = options.animTimingFunction || Vivus.LINEAR;","  this.pathTimingFunction = options.pathTimingFunction || Vivus.LINEAR;","","  if (this.delay >= this.duration) {","    throw new Error('Vivus [constructor]: delay must be shorter than duration');","  }","};","","/**"," * Set up callback to the instance"," * The method will not return enything, but will throw an"," * error if the parameter is invalid"," *"," * @param  {Function} callback Callback for the animation end"," */","Vivus.prototype.setCallback = function (callback) {","  // Basic check","  if (!!callback && callback.constructor !== Function) {","    throw new Error('Vivus [constructor]: \"callback\" parameter must be a function');","  }","  this.callback = callback || function () {};","};","","","/**"," * Core"," **************************************"," */","","/**"," * Map the svg, path by path."," * The method return nothing, it just fill the"," * `map` array. Each item in this array represent"," * a path element from the SVG, with informations for"," * the animation."," *"," * ```"," * ["," *   {"," *     el: <DOMobj> the path element"," *     length: <number> length of the path line"," *     startAt: <number> time start of the path animation (in frames)"," *     duration: <number> path animation duration (in frames)"," *   },"," *   ..."," * ]"," * ```"," *"," */","Vivus.prototype.mapping = function () {","  var i, paths, path, pAttrs, pathObj, totalLength, lengthMeter, timePoint;","  timePoint = totalLength = lengthMeter = 0;","  paths = this.el.querySelectorAll('path');","","  for (i = 0; i < paths.length; i++) {","    path = paths[i];","    if (this.isInvisible(path)) {","      continue;","    }","    pathObj = {","      el: path,","      length: Math.ceil(path.getTotalLength())","    };","    // Test if the path length is correct","    if (isNaN(pathObj.length)) {","      if (window.console && console.warn) {","        console.warn('Vivus [mapping]: cannot retrieve a path element length', path);","      }","      continue;","    }","    this.map.push(pathObj);","    path.style.strokeDasharray  = pathObj.length + ' ' + (pathObj.length + this.dashGap * 2);","    path.style.strokeDashoffset = pathObj.length + this.dashGap;","    pathObj.length += this.dashGap;","    totalLength += pathObj.length;","","    this.renderPath(i);","  }","","  totalLength = totalLength === 0 ? 1 : totalLength;","  this.delay = this.delay === null ? this.duration / 3 : this.delay;","  this.delayUnit = this.delay / (paths.length > 1 ? paths.length - 1 : 1);","","  // Reverse stack if asked","  if (this.reverseStack) {","    this.map.reverse();","  }","","  for (i = 0; i < this.map.length; i++) {","    pathObj = this.map[i];","","    switch (this.type) {","    case 'delayed':","      pathObj.startAt = this.delayUnit * i;","      pathObj.duration = this.duration - this.delay;","      break;","","    case 'oneByOne':","      pathObj.startAt = lengthMeter / totalLength * this.duration;","      pathObj.duration = pathObj.length / totalLength * this.duration;","      break;","","    case 'sync':","    case 'async':","    case 'nsync':","      pathObj.startAt = 0;","      pathObj.duration = this.duration;","      break;","","    case 'scenario-sync':","      path = pathObj.el;","      pAttrs = this.parseAttr(path);","      pathObj.startAt = timePoint + (parsePositiveInt(pAttrs['data-delay'], this.delayUnit) || 0);","      pathObj.duration = parsePositiveInt(pAttrs['data-duration'], this.duration);","      timePoint = pAttrs['data-async'] !== undefined ? pathObj.startAt : pathObj.startAt + pathObj.duration;","      this.frameLength = Math.max(this.frameLength, (pathObj.startAt + pathObj.duration));","      break;","","    case 'scenario':","      path = pathObj.el;","      pAttrs = this.parseAttr(path);","      pathObj.startAt = parsePositiveInt(pAttrs['data-start'], this.delayUnit) || 0;","      pathObj.duration = parsePositiveInt(pAttrs['data-duration'], this.duration);","      this.frameLength = Math.max(this.frameLength, (pathObj.startAt + pathObj.duration));","      break;","    }","    lengthMeter += pathObj.length;","    this.frameLength = this.frameLength || this.duration;","  }","};","","/**"," * Interval method to draw the SVG from current"," * position of the animation. It update the value of"," * `currentFrame` and re-trace the SVG."," *"," * It use this.handle to store the requestAnimationFrame"," * and clear it one the animation is stopped. So this"," * attribute can be used to know if the animation is"," * playing."," *"," * Once the animation at the end, this method will"," * trigger the Vivus callback."," *"," */","Vivus.prototype.drawer = function () {","  var self = this;","  this.currentFrame += this.speed;","","  if (this.currentFrame <= 0) {","    this.stop();","    this.reset();","  } else if (this.currentFrame >= this.frameLength) {","    this.stop();","    this.currentFrame = this.frameLength;","    this.trace();","    if (this.selfDestroy) {","      this.destroy();","    }","  } else {","    this.trace();","    this.handle = requestAnimFrame(function () {","      self.drawer();","    });","    return;","  }","","  this.callback(this);","  if (this.instanceCallback) {","    this.instanceCallback(this);","    this.instanceCallback = null;","  }","};","","/**"," * Draw the SVG at the current instant from the"," * `currentFrame` value. Here is where most of the magic is."," * The trick is to use the `strokeDashoffset` style property."," *"," * For optimisation reasons, a new property called `progress`"," * is added in each item of `map`. This one contain the current"," * progress of the path element. Only if the new value is different"," * the new value will be applied to the DOM element. This"," * method save a lot of resources to re-render the SVG. And could"," * be improved if the animation couldn't be played forward."," *"," */","Vivus.prototype.trace = function () {","  var i, progress, path, currentFrame;","  currentFrame = this.animTimingFunction(this.currentFrame / this.frameLength) * this.frameLength;","  for (i = 0; i < this.map.length; i++) {","    path = this.map[i];","    progress = (currentFrame - path.startAt) / path.duration;","    progress = this.pathTimingFunction(Math.max(0, Math.min(1, progress)));","    if (path.progress !== progress) {","      path.progress = progress;","      path.el.style.strokeDashoffset = Math.floor(path.length * (1 - progress));","      this.renderPath(i);","    }","  }","};","","/**"," * Method forcing the browser to re-render a path element"," * from it's index in the map. Depending on the `forceRender`"," * value."," * The trick is to replace the path element by it's clone."," * This practice is not recommended because it's asking more"," * ressources, too much DOM manupulation.."," * but it's the only way to let the magic happen on IE."," * By default, this fallback is only applied on IE."," *"," * @param  {Number} index Path index"," */","Vivus.prototype.renderPath = function (index) {","  if (this.forceRender && this.map && this.map[index]) {","    var pathObj = this.map[index],","        newPath = pathObj.el.cloneNode(true);","    pathObj.el.parentNode.replaceChild(newPath, pathObj.el);","    pathObj.el = newPath;","  }","};","","/**"," * When the SVG object is loaded and ready,"," * this method will continue the initialisation."," *"," * This this mainly due to the case of passing an"," * object tag in the constructor. It will wait"," * the end of the loading to initialise."," *"," */","Vivus.prototype.init = function () {","  // Set object variables","  this.frameLength = 0;","  this.currentFrame = 0;","  this.map = [];","","  // Start","  new Pathformer(this.el);","  this.mapping();","  this.starter();","","  if (this.onReady) {","    this.onReady(this);","  }","};","","/**"," * Trigger to start of the animation."," * Depending on the `start` value, a different script"," * will be applied."," *"," * If the `start` value is not valid, an error will be thrown."," * Even if technically, this is impossible."," *"," */","Vivus.prototype.starter = function () {","  switch (this.start) {","  case 'manual':","    return;","","  case 'autostart':","    this.play();","    break;","","  case 'inViewport':","    var self = this,","    listener = function () {","      if (self.isInViewport(self.parentEl, 1)) {","        self.play();","        window.removeEventListener('scroll', listener);","      }","    };","    window.addEventListener('scroll', listener);","    listener();","    break;","  }","};","","","/**"," * Controls"," **************************************"," */","","/**"," * Get the current status of the animation between"," * three different states: 'start', 'progress', 'end'."," * @return {string} Instance status"," */","Vivus.prototype.getStatus = function () {","  return this.currentFrame === 0 ? 'start' : this.currentFrame === this.frameLength ? 'end' : 'progress';","};","","/**"," * Reset the instance to the initial state : undraw"," * Be careful, it just reset the animation, if you're"," * playing the animation, this won't stop it. But just"," * make it start from start."," *"," */","Vivus.prototype.reset = function () {","  return this.setFrameProgress(0);","};","","/**"," * Set the instance to the final state : drawn"," * Be careful, it just set the animation, if you're"," * playing the animation on rewind, this won't stop it."," * But just make it start from the end."," *"," */","Vivus.prototype.finish = function () {","  return this.setFrameProgress(1);","};","","/**"," * Set the level of progress of the drawing."," *"," * @param {number} progress Level of progress to set"," */","Vivus.prototype.setFrameProgress = function (progress) {","  progress = Math.min(1, Math.max(0, progress));","  this.currentFrame = Math.round(this.frameLength * progress);","  this.trace();","  return this;","};","","/**"," * Play the animation at the desired speed."," * Speed must be a valid number (no zero)."," * By default, the speed value is 1."," * But a negative value is accepted to go forward."," *"," * And works with float too."," * But don't forget we are in JavaScript, se be nice"," * with him and give him a 1/2^x value."," *"," * @param  {number} speed Animation speed [optional]"," */","Vivus.prototype.play = function (speed, callback) {","  this.instanceCallback = null;","","  if (speed && typeof speed === 'function') {","    this.instanceCallback = speed; // first parameter is actually the callback function","    speed = null;","  }","  else if (speed && typeof speed !== 'number') {","    throw new Error('Vivus [play]: invalid speed');","  }","  // if the first parameter wasn't the callback, check if the seconds was","  if (callback && typeof(callback) === 'function' && !this.instanceCallback) {","    this.instanceCallback = callback;","  }","","","  this.speed = speed || 1;","  if (!this.handle) {","    this.drawer();","  }","  return this;","};","","/**"," * Stop the current animation, if on progress."," * Should not trigger any error."," *"," */","Vivus.prototype.stop = function () {","  if (this.handle) {","    cancelAnimFrame(this.handle);","    this.handle = null;","  }","  return this;","};","","/**"," * Destroy the instance."," * Remove all bad styling attributes on all"," * path tags"," *"," */","Vivus.prototype.destroy = function () {","  this.stop();","  var i, path;","  for (i = 0; i < this.map.length; i++) {","    path = this.map[i];","    path.el.style.strokeDashoffset = null;","    path.el.style.strokeDasharray = null;","    this.renderPath(i);","  }","};","","","/**"," * Utils methods"," * include methods from Codrops"," **************************************"," */","","/**"," * Method to best guess if a path should added into"," * the animation or not."," *"," * 1. Use the `data-vivus-ignore` attribute if set"," * 2. Check if the instance must ignore invisible paths"," * 3. Check if the path is visible"," *"," * For now the visibility checking is unstable."," * It will be used for a beta phase."," *"," * Other improvments are planned. Like detecting"," * is the path got a stroke or a valid opacity."," */","Vivus.prototype.isInvisible = function (el) {","  var rect,","    ignoreAttr = el.getAttribute('data-ignore');","","  if (ignoreAttr !== null) {","    return ignoreAttr !== 'false';","  }","","  if (this.ignoreInvisible) {","    rect = el.getBoundingClientRect();","    return !rect.width && !rect.height;","  }","  else {","    return false;","  }","};","","/**"," * Parse attributes of a DOM element to"," * get an object of {attributeName => attributeValue}"," *"," * @param  {object} element DOM element to parse"," * @return {object}         Object of attributes"," */","Vivus.prototype.parseAttr = function (element) {","  var attr, output = {};","  if (element && element.attributes) {","    for (var i = 0; i < element.attributes.length; i++) {","      attr = element.attributes[i];","      output[attr.name] = attr.value;","    }","  }","  return output;","};","","/**"," * Reply if an element is in the page viewport"," *"," * @param  {object} el Element to observe"," * @param  {number} h  Percentage of height"," * @return {boolean}"," */","Vivus.prototype.isInViewport = function (el, h) {","  var scrolled   = this.scrollY(),","    viewed       = scrolled + this.getViewportH(),","    elBCR        = el.getBoundingClientRect(),","    elHeight     = elBCR.height,","    elTop        = scrolled + elBCR.top,","    elBottom     = elTop + elHeight;","","  // if 0, the element is considered in the viewport as soon as it enters.","  // if 1, the element is considered in the viewport only when it's fully inside","  // value in percentage (1 >= h >= 0)","  h = h || 0;","","  return (elTop + elHeight * h) <= viewed && (elBottom) >= scrolled;","};","","/**"," * Alias for document element"," *"," * @type {DOMelement}"," */","Vivus.prototype.docElem = window.document.documentElement;","","/**"," * Get the viewport height in pixels"," *"," * @return {integer} Viewport height"," */","Vivus.prototype.getViewportH = function () {","  var client = this.docElem.clientHeight,","    inner = window.innerHeight;","","  if (client < inner) {","    return inner;","  }","  else {","    return client;","  }","};","","/**"," * Get the page Y offset"," *"," * @return {integer} Page Y offset"," */","Vivus.prototype.scrollY = function () {","  return window.pageYOffset || this.docElem.scrollTop;","};","","/**"," * Alias for `requestAnimationFrame` or"," * `setTimeout` function for deprecated browsers."," *"," */","requestAnimFrame = (function () {","  return (","    window.requestAnimationFrame       ||","    window.webkitRequestAnimationFrame ||","    window.mozRequestAnimationFrame    ||","    window.oRequestAnimationFrame      ||","    window.msRequestAnimationFrame     ||","    function(/* function */ callback){","      return window.setTimeout(callback, 1000 / 60);","    }","  );","})();","","/**"," * Alias for `cancelAnimationFrame` or"," * `cancelTimeout` function for deprecated browsers."," *"," */","cancelAnimFrame = (function () {","  return (","    window.cancelAnimationFrame       ||","    window.webkitCancelAnimationFrame ||","    window.mozCancelAnimationFrame    ||","    window.oCancelAnimationFrame      ||","    window.msCancelAnimationFrame     ||","    function(id){","      return window.clearTimeout(id);","    }","  );","})();","","/**"," * Parse string to integer."," * If the number is not positive or null"," * the method will return the default value"," * or 0 if undefined"," *"," * @param {string} value String to parse"," * @param {*} defaultValue Value to return if the result parsed is invalid"," * @return {number}"," *"," */","parsePositiveInt = function (value, defaultValue) {","  var output = parseInt(value, 10);","  return (output >= 0) ? output : defaultValue;","};",""],"l":{"3":2,"53":1,"56":0,"57":0,"58":0,"59":0,"61":0,"62":0,"74":2,"75":2,"76":2,"77":2,"78":2,"79":0,"83":0,"99":2,"101":0,"102":0,"106":0,"107":0,"108":0,"109":0,"112":0,"115":0,"116":0,"117":0,"118":0,"119":0,"120":0,"121":0,"124":0,"127":0,"128":0,"129":0,"133":0,"135":0,"136":0,"137":0,"138":0,"140":0,"141":0,"142":0,"144":0,"145":0,"146":0,"147":0,"148":0,"149":0,"151":0,"152":0,"153":0,"157":0,"158":0,"160":0,"163":0,"174":2,"175":0,"176":0,"179":0,"180":0,"183":0,"187":0,"188":0,"191":0,"195":0,"196":0,"199":0,"202":0,"203":0,"204":0,"205":0,"206":0,"207":0,"208":0,"209":0,"210":0,"211":0,"213":0,"215":0,"216":0,"218":0,"219":0,"230":2,"232":0,"233":0,"235":0,"264":2,"265":0,"266":0,"267":0,"269":0,"270":0,"271":0,"272":0,"274":0,"279":0,"280":0,"281":0,"283":0,"285":0,"286":0,"287":0,"288":0,"289":0,"291":0,"294":0,"295":0,"296":0,"299":0,"300":0,"303":0,"304":0,"306":0,"308":0,"309":0,"310":0,"313":0,"314":0,"315":0,"320":0,"321":0,"322":0,"325":0,"326":0,"327":0,"328":0,"329":0,"330":0,"331":0,"334":0,"335":0,"336":0,"337":0,"338":0,"339":0,"341":0,"342":0,"360":2,"361":0,"362":0,"364":0,"365":0,"366":0,"367":0,"368":0,"369":0,"370":0,"371":0,"372":0,"375":0,"376":0,"377":0,"379":0,"382":0,"383":0,"384":0,"385":0,"402":2,"403":0,"404":0,"405":0,"406":0,"407":0,"408":0,"409":0,"410":0,"411":0,"412":0,"429":2,"430":0,"431":0,"433":0,"434":0,"447":2,"449":0,"450":0,"451":0,"454":0,"455":0,"456":0,"458":0,"459":0,"472":2,"473":0,"475":0,"478":0,"479":0,"482":0,"484":0,"485":0,"486":0,"489":0,"490":0,"491":0,"506":2,"507":0,"517":2,"518":0,"528":2,"529":0,"537":2,"538":0,"539":0,"540":0,"541":0,"556":2,"557":0,"559":0,"560":0,"561":0,"563":0,"564":0,"567":0,"568":0,"572":0,"573":0,"574":0,"576":0,"584":2,"585":0,"586":0,"587":0,"589":0,"598":2,"599":0,"600":0,"601":0,"602":0,"603":0,"604":0,"605":0,"630":2,"631":0,"634":0,"635":0,"638":0,"639":0,"640":0,"643":0,"654":2,"655":0,"656":0,"657":0,"658":0,"659":0,"662":0,"672":2,"673":0,"683":0,"685":0,"693":2,"700":0,"701":0,"704":0,"705":0,"708":0,"717":0,"718":0,"726":0,"727":0,"734":0,"744":0,"745":0,"752":0,"768":0,"769":0,"770":0}}}